#
# A fatal error has been detected by the Java Runtime Environment:
#
#  SIGSEGV (0xb) at pc=0x00007f64150693fa, pid=6016, tid=140067541829376
#
# JRE version: Java(TM) SE Runtime Environment (8.0_20-b26) (build 1.8.0_20-b26)
# Java VM: Java HotSpot(TM) 64-Bit Server VM (25.20-b23 mixed mode linux-amd64 compressed oops)
# Problematic frame:
# v  ~BufferBlob::jni_fast_GetLongField
#
# Failed to write core dump. Core dumps have been disabled. To enable core dumping, try "ulimit -c unlimited" before starting Java again
#
# If you would like to submit a bug report, please visit:
#   http://bugreport.sun.com/bugreport/crash.jsp
# The crash happened outside the Java Virtual Machine in native code.
# See problematic frame for where to report the bug.
#

---------------  T H R E A D  ---------------

Current thread (0x00007f642434e800):  JavaThread "AWT-XAWT" daemon [_thread_in_native, id=6034, stack(0x00007f6404034000,0x00007f6404135000)]

siginfo: si_signo: 11 (SIGSEGV), si_code: 1 (SEGV_MAPERR), si_addr: 0x0000000000000000

Registers:
RAX=0x00007f642a89cb40, RBX=0x00007f642434e9e8, RCX=0x00007f642b2f6320, RDX=0x0000000000000042
RSP=0x00007f64041336c8, RBP=0x00007f64041336f0, RSI=0x0000000000000000, RDI=0x00007f642434e9e8
R8 =0x0000000085675d30, R9 =0x0000000000000000, R10=0x0000000000001012, R11=0x00000000000001f4
R12=0x00007f63c400cea0, R13=0x0000000000000000, R14=0x00007f640561e7c0, R15=0x00007f642434e800
RIP=0x00007f64150693fa, EFLAGS=0x0000000000010246, CSGSFS=0x0000000000000033, ERR=0x0000000000000004
  TRAPNO=0x000000000000000e

Top of Stack: (sp=0x00007f64041336c8)
0x00007f64041336c8:   00007f64053fd0a1 00007f638bc810d8
0x00007f64041336d8:   00007f63c400cea0 00007f64152b7f74
0x00007f64041336e8:   00007f6404133770 0000000000000000
0x00007f64041336f8:   00007f6404ee0ae8 00007f638bc810d8
0x00007f6404133708:   00007f6404133730 0000000000000000
0x00007f6404133718:   00007f6404ed89a3 00007f64152b7f74
0x00007f6404133728:   00007f64053f639f 00007f6404133780
0x00007f6404133738:   00007f6415408876 0000000085691958
0x00007f6404133748:   0000000085692058 00000000d87a4f88
0x00007f6404133758:   00000000d87a4fb8 00000000856b1288
0x00007f6404133768:   00000000d87a4ff8 0000000085600530
0x00007f6404133778:   0000000085600650 00007f64041339c0
0x00007f6404133788:   00007f64155a699c 0000000000000000
0x00007f6404133798:   00000000000003d8 04007f642434df70
0x00007f64041337a8:   0000000000000040 00007f63c8004e50
0x00007f64041337b8:   00007f63c8000020 0000000000000040
0x00007f64041337c8:   0000000000000040 00007f64155a2890
0x00007f64041337d8:   00007f6404133810 0000000000000040
0x00007f64041337e8:   00007f63c8004e50 0000000000000000
0x00007f64041337f8:   0000000000000400 00007f6404133860
0x00007f6404133808:   00007f642a259e8e 0000000000000000
0x00007f6404133818:   000000000000003b 0000000000000000
0x00007f6404133828:   00007f642a226ee9 00007f6404133870
0x00007f6404133838:   0000000000000040 0000000000000000
0x00007f6404133848:   00000000155a2890 00007f6404133870
0x00007f6404133858:   00000000856af390 0000000085691af0
0x00007f6404133868:   00000000856af390 0000000000000000
0x00007f6404133878:   0000000085691af0 0000000085691af0
0x00007f6404133888:   00000000856af390 00000000856af390
0x00007f6404133898:   0000000085691af0 0000000000000000
0x00007f64041338a8:   0000000085600638 0000000085600650
0x00007f64041338b8:   0000000085621908 00007f63c8000e30 

Instructions: (pc=0x00007f64150693fa)
0x00007f64150693da:   00 00 00 00 00 00 44 8b 15 01 ac 86 15 4c 8b ce
0x00007f64150693ea:   41 f6 c2 01 0f 85 2e 00 00 00 4d 33 ca 4d 33 ca
0x00007f64150693fa:   4d 8b 09 4c 8b da 49 c1 eb 02 4b 8b 04 19 49 bb
0x00007f641506940a:   e8 3f 8d 2a 64 7f 00 00 4c 33 d8 4c 33 d8 45 3b 

Register to memory mapping:

RAX=0x00007f642a89cb40: <offset 0xf20b40> in /usr/lib/jvm/java-8-oracle/jre/lib/amd64/server/libjvm.so at 0x00007f642997c000
RBX=0x00007f642434e9e8 is an unknown value
RCX=0x00007f642b2f6320: <offset 0x219320> in /lib/x86_64-linux-gnu/libpthread.so.0 at 0x00007f642b0dd000
RDX=0x0000000000000042 is an unknown value
RSP=0x00007f64041336c8 is pointing into the stack for thread: 0x00007f642434e800
RBP=0x00007f64041336f0 is pointing into the stack for thread: 0x00007f642434e800
RSI=0x0000000000000000 is an unknown value
RDI=0x00007f642434e9e8 is an unknown value
R8 =0x0000000085675d30 is an oop
java.util.logging.Logger 
 - klass: 'java/util/logging/Logger'
R9 =0x0000000000000000 is an unknown value
R10=0x0000000000001012 is an unknown value
R11=0x00000000000001f4 is an unknown value
R12=0x00007f63c400cea0 is an unknown value
R13=0x0000000000000000 is an unknown value
R14=0x00007f640561e7c0: <offset 0x2587c0> in /usr/lib/jvm/java-8-oracle/jre/lib/amd64/libawt_xawt.so at 0x00007f64053c6000
R15=0x00007f642434e800 is a thread


Stack: [0x00007f6404034000,0x00007f6404135000],  sp=0x00007f64041336c8,  free space=1021k
Native frames: (J=compiled Java code, j=interpreted, Vv=VM code, C=native code)
v  ~BufferBlob::jni_fast_GetLongField
C  [libX11.so.6+0x61ae8]  _XimServerDestroy+0x58

Java frames: (J=compiled Java code, j=interpreted, Vv=VM code)
J 2379  sun.awt.X11.XlibWrapper.XFilterEvent(JJ)Z (0 bytes) @ 0x00007f6415408804 [0x00007f64154087c0+0x44]
J 2403% C1 sun.awt.X11.XToolkit.run(Z)V (410 bytes) @ 0x00007f64155a699c [0x00007f64155a3260+0x373c]
j  sun.awt.X11.XToolkit.run()V+5
j  java.lang.Thread.run()V+11
v  ~StubRoutines::call_stub

---------------  P R O C E S S  ---------------

Java Threads: ( => current thread )
  0x00007f638c0a8000 JavaThread "MVStore background writer nio:/home/rodro/prog1.mv.db" daemon [_thread_blocked, id=6165, stack(0x00007f63b0058000,0x00007f63b0159000)]
  0x00007f6424009800 JavaThread "DestroyJavaVM" [_thread_blocked, id=6017, stack(0x00007f642b3fc000,0x00007f642b4fd000)]
  0x00007f6424542000 JavaThread "H2 PG Server (pg://127.0.1.1:5435)" [_thread_in_native, id=6058, stack(0x00007f63b055d000,0x00007f63b065e000)]
  0x00007f642452f000 JavaThread "H2 TCP Server (tcp://127.0.1.1:9092)" [_thread_in_native, id=6057, stack(0x00007f63b065e000,0x00007f63b075f000)]
  0x00007f6424385800 JavaThread "AWT-EventQueue-0" [_thread_blocked, id=6036, stack(0x00007f63cf55f000,0x00007f63cf660000)]
  0x00007f6424383800 JavaThread "AWT-Shutdown" [_thread_blocked, id=6035, stack(0x00007f63cf660000,0x00007f63cf761000)]
=>0x00007f642434e800 JavaThread "AWT-XAWT" daemon [_thread_in_native, id=6034, stack(0x00007f6404034000,0x00007f6404135000)]
  0x00007f6424326000 JavaThread "Java2D Disposer" daemon [_thread_blocked, id=6033, stack(0x00007f6404135000,0x00007f6404236000)]
  0x00007f642422e800 JavaThread "H2 Console Server (http://127.0.1.1:8082)" [_thread_in_native, id=6031, stack(0x00007f64058f1000,0x00007f64059f2000)]
  0x00007f642418f000 JavaThread "Service Thread" daemon [_thread_blocked, id=6029, stack(0x00007f6405d0a000,0x00007f6405e0b000)]
  0x00007f6424179800 JavaThread "C1 CompilerThread2" daemon [_thread_blocked, id=6028, stack(0x00007f6405e0b000,0x00007f6405f0c000)]
  0x00007f6424177800 JavaThread "C2 CompilerThread1" daemon [_thread_blocked, id=6027, stack(0x00007f6405f0c000,0x00007f640600d000)]
  0x00007f6424174800 JavaThread "C2 CompilerThread0" daemon [_thread_blocked, id=6026, stack(0x00007f640600d000,0x00007f640610e000)]
  0x00007f6424172800 JavaThread "Signal Dispatcher" daemon [_thread_blocked, id=6025, stack(0x00007f640610e000,0x00007f640620f000)]
  0x00007f6424143000 JavaThread "Finalizer" daemon [_thread_blocked, id=6024, stack(0x00007f64068f1000,0x00007f64069f2000)]
  0x00007f6424141000 JavaThread "Reference Handler" daemon [_thread_blocked, id=6023, stack(0x00007f64069f2000,0x00007f6406af3000)]

Other Threads:
  0x00007f642413a000 VMThread [stack: 0x00007f6406af3000,0x00007f6406bf4000] [id=6022]
  0x00007f6424191800 WatcherThread [stack: 0x00007f6405c09000,0x00007f6405d0a000] [id=6030]

VM state:not at safepoint (normal execution)

VM Mutex/Monitor currently owned by a thread: None

Heap:
 PSYoungGen      total 24064K, used 22228K [0x00000000d7200000, 0x00000000d8a80000, 0x0000000100000000)
  eden space 23552K, 94% used [0x00000000d7200000,0x00000000d87a5378,0x00000000d8900000)
  from space 512K, 12% used [0x00000000d8980000,0x00000000d8990000,0x00000000d8a00000)
  to   space 512K, 0% used [0x00000000d8a00000,0x00000000d8a00000,0x00000000d8a80000)
 ParOldGen       total 84992K, used 30116K [0x0000000085600000, 0x000000008a900000, 0x00000000d7200000)
  object space 84992K, 35% used [0x0000000085600000,0x00000000873691c0,0x000000008a900000)
 Metaspace       used 15317K, capacity 15452K, committed 15744K, reserved 1062912K
  class space    used 1513K, capacity 1537K, committed 1664K, reserved 1048576K

Card table byte_map: [0x00007f6414c2a000,0x00007f6415000000] byte_map_base: 0x00007f64147ff000

Marking Bits: (ParMarkBitMap*) 0x00007f642a8d3ac0
 Begin Bits: [0x00007f640c2b0000, 0x00007f640e158000)
 End Bits:   [0x00007f640e158000, 0x00007f6410000000)

Polling page: 0x00007f642b51a000

CodeCache: size=245760Kb used=7748Kb max_used=8519Kb free=238011Kb
 bounds [0x00007f6415000000, 0x00007f6415860000, 0x00007f6424000000]
 total_blobs=2465 nmethods=1916 adapters=463
 compilation: enabled

Compilation events (10 events):
Event: 30541,035 Thread 0x00007f6424177800 2406 %     4       org.h2.mvstore.Chunk::getFooterBytes @ 75 (112 bytes)
Event: 30541,068 Thread 0x00007f6424177800 nmethod 2406% 0x00007f64151ea390 code [0x00007f64151ea5a0, 0x00007f64151eb5b8]
Event: 30563,545 Thread 0x00007f6424174800 2407       4       org.h2.mvstore.MVStore::cachePage (20 bytes)
Event: 30563,547 Thread 0x00007f6424174800 nmethod 2407 0x00007f6415275dd0 code [0x00007f6415275f20, 0x00007f6415275fc8]
Event: 30647,869 Thread 0x00007f6424179800 2408       3       java.awt.Component::getTreeLock (4 bytes)
Event: 30647,869 Thread 0x00007f6424179800 nmethod 2408 0x00007f64154c25d0 code [0x00007f64154c2740, 0x00007f64154c2890]
Event: 30647,871 Thread 0x00007f6424179800 2409       1       java.security.AccessControlContext::getContext (5 bytes)
Event: 30647,871 Thread 0x00007f6424179800 nmethod 2409 0x00007f64154594d0 code [0x00007f6415459620, 0x00007f6415459730]
Event: 30647,872 Thread 0x00007f6424179800 2410       3       java.util.concurrent.locks.LockSupport::setBlocker (12 bytes)
Event: 30647,873 Thread 0x00007f6424179800 nmethod 2410 0x00007f6415815050 code [0x00007f64158151a0, 0x00007f64158152f0]

GC Heap History (10 events):
Event: 30572,913 GC heap before
{Heap before GC invocations=1835 (full 0):
 PSYoungGen      total 24064K, used 23648K [0x00000000d7200000, 0x00000000d8a80000, 0x0000000100000000)
  eden space 23552K, 100% used [0x00000000d7200000,0x00000000d8900000,0x00000000d8900000)
  from space 512K, 18% used [0x00000000d8a00000,0x00000000d8a18000,0x00000000d8a80000)
  to   space 512K, 0% used [0x00000000d8980000,0x00000000d8980000,0x00000000d8a00000)
 ParOldGen       total 84992K, used 30044K [0x0000000085600000, 0x000000008a900000, 0x00000000d7200000)
  object space 84992K, 35% used [0x0000000085600000,0x0000000087357180,0x000000008a900000)
 Metaspace       used 15273K, capacity 15452K, committed 15744K, reserved 1062912K
  class space    used 1504K, capacity 1537K, committed 1664K, reserved 1048576K
Event: 30572,915 GC heap after
Heap after GC invocations=1835 (full 0):
 PSYoungGen      total 24064K, used 96K [0x00000000d7200000, 0x00000000d8a80000, 0x0000000100000000)
  eden space 23552K, 0% used [0x00000000d7200000,0x00000000d7200000,0x00000000d8900000)
  from space 512K, 18% used [0x00000000d8980000,0x00000000d8998000,0x00000000d8a00000)
  to   space 512K, 0% used [0x00000000d8a00000,0x00000000d8a00000,0x00000000d8a80000)
 ParOldGen       total 84992K, used 30076K [0x0000000085600000, 0x000000008a900000, 0x00000000d7200000)
  object space 84992K, 35% used [0x0000000085600000,0x000000008735f1a0,0x000000008a900000)
 Metaspace       used 15273K, capacity 15452K, committed 15744K, reserved 1062912K
  class space    used 1504K, capacity 1537K, committed 1664K, reserved 1048576K
}
Event: 30580,214 GC heap before
{Heap before GC invocations=1836 (full 0):
 PSYoungGen      total 24064K, used 23648K [0x00000000d7200000, 0x00000000d8a80000, 0x0000000100000000)
  eden space 23552K, 100% used [0x00000000d7200000,0x00000000d8900000,0x00000000d8900000)
  from space 512K, 18% used [0x00000000d8980000,0x00000000d8998000,0x00000000d8a00000)
  to   space 512K, 0% used [0x00000000d8a00000,0x00000000d8a00000,0x00000000d8a80000)
 ParOldGen       total 84992K, used 30076K [0x0000000085600000, 0x000000008a900000, 0x00000000d7200000)
  object space 84992K, 35% used [0x0000000085600000,0x000000008735f1a0,0x000000008a900000)
 Metaspace       used 15273K, capacity 15452K, committed 15744K, reserved 1062912K
  class space    used 1504K, capacity 1537K, committed 1664K, reserved 1048576K
Event: 30580,216 GC heap after
Heap after GC invocations=1836 (full 0):
 PSYoungGen      total 24064K, used 32K [0x00000000d7200000, 0x00000000d8a80000, 0x0000000100000000)
  eden space 23552K, 0% used [0x00000000d7200000,0x00000000d7200000,0x00000000d8900000)
  from space 512K, 6% used [0x00000000d8a00000,0x00000000d8a08000,0x00000000d8a80000)
  to   space 512K, 0% used [0x00000000d8980000,0x00000000d8980000,0x00000000d8a00000)
 ParOldGen       total 84992K, used 30076K [0x0000000085600000, 0x000000008a900000, 0x00000000d7200000)
  object space 84992K, 35% used [0x0000000085600000,0x000000008735f1a0,0x000000008a900000)
 Metaspace       used 15273K, capacity 15452K, committed 15744K, reserved 1062912K
  class space    used 1504K, capacity 1537K, committed 1664K, reserved 1048576K
}
Event: 30609,925 GC heap before
{Heap before GC invocations=1837 (full 0):
 PSYoungGen      total 24064K, used 23584K [0x00000000d7200000, 0x00000000d8a80000, 0x0000000100000000)
  eden space 23552K, 100% used [0x00000000d7200000,0x00000000d8900000,0x00000000d8900000)
  from space 512K, 6% used [0x00000000d8a00000,0x00000000d8a08000,0x00000000d8a80000)
  to   space 512K, 0% used [0x00000000d8980000,0x00000000d8980000,0x00000000d8a00000)
 ParOldGen       total 84992K, used 30076K [0x0000000085600000, 0x000000008a900000, 0x00000000d7200000)
  object space 84992K, 35% used [0x0000000085600000,0x000000008735f1a0,0x000000008a900000)
 Metaspace       used 15273K, capacity 15452K, committed 15744K, reserved 1062912K
  class space    used 1504K, capacity 1537K, committed 1664K, reserved 1048576K
Event: 30609,927 GC heap after
Heap after GC invocations=1837 (full 0):
 PSYoungGen      total 24064K, used 64K [0x00000000d7200000, 0x00000000d8a80000, 0x0000000100000000)
  eden space 23552K, 0% used [0x00000000d7200000,0x00000000d7200000,0x00000000d8900000)
  from space 512K, 12% used [0x00000000d8980000,0x00000000d8990000,0x00000000d8a00000)
  to   space 512K, 0% used [0x00000000d8a00000,0x00000000d8a00000,0x00000000d8a80000)
 ParOldGen       total 84992K, used 30076K [0x0000000085600000, 0x000000008a900000, 0x00000000d7200000)
  object space 84992K, 35% used [0x0000000085600000,0x000000008735f1a0,0x000000008a900000)
 Metaspace       used 15273K, capacity 15452K, committed 15744K, reserved 1062912K
  class space    used 1504K, capacity 1537K, committed 1664K, reserved 1048576K
}
Event: 30617,178 GC heap before
{Heap before GC invocations=1838 (full 0):
 PSYoungGen      total 24064K, used 23616K [0x00000000d7200000, 0x00000000d8a80000, 0x0000000100000000)
  eden space 23552K, 100% used [0x00000000d7200000,0x00000000d8900000,0x00000000d8900000)
  from space 512K, 12% used [0x00000000d8980000,0x00000000d8990000,0x00000000d8a00000)
  to   space 512K, 0% used [0x00000000d8a00000,0x00000000d8a00000,0x00000000d8a80000)
 ParOldGen       total 84992K, used 30076K [0x0000000085600000, 0x000000008a900000, 0x00000000d7200000)
  object space 84992K, 35% used [0x0000000085600000,0x000000008735f1a0,0x000000008a900000)
 Metaspace       used 15273K, capacity 15452K, committed 15744K, reserved 1062912K
  class space    used 1504K, capacity 1537K, committed 1664K, reserved 1048576K
Event: 30617,180 GC heap after
Heap after GC invocations=1838 (full 0):
 PSYoungGen      total 24064K, used 32K [0x00000000d7200000, 0x00000000d8a80000, 0x0000000100000000)
  eden space 23552K, 0% used [0x00000000d7200000,0x00000000d7200000,0x00000000d8900000)
  from space 512K, 6% used [0x00000000d8a00000,0x00000000d8a08000,0x00000000d8a80000)
  to   space 512K, 0% used [0x00000000d8980000,0x00000000d8980000,0x00000000d8a00000)
 ParOldGen       total 84992K, used 30116K [0x0000000085600000, 0x000000008a900000, 0x00000000d7200000)
  object space 84992K, 35% used [0x0000000085600000,0x00000000873691c0,0x000000008a900000)
 Metaspace       used 15273K, capacity 15452K, committed 15744K, reserved 1062912K
  class space    used 1504K, capacity 1537K, committed 1664K, reserved 1048576K
}
Event: 30624,482 GC heap before
{Heap before GC invocations=1839 (full 0):
 PSYoungGen      total 24064K, used 23584K [0x00000000d7200000, 0x00000000d8a80000, 0x0000000100000000)
  eden space 23552K, 100% used [0x00000000d7200000,0x00000000d8900000,0x00000000d8900000)
  from space 512K, 6% used [0x00000000d8a00000,0x00000000d8a08000,0x00000000d8a80000)
  to   space 512K, 0% used [0x00000000d8980000,0x00000000d8980000,0x00000000d8a00000)
 ParOldGen       total 84992K, used 30116K [0x0000000085600000, 0x000000008a900000, 0x00000000d7200000)
  object space 84992K, 35% used [0x0000000085600000,0x00000000873691c0,0x000000008a900000)
 Metaspace       used 15273K, capacity 15452K, committed 15744K, reserved 1062912K
  class space    used 1504K, capacity 1537K, committed 1664K, reserved 1048576K
Event: 30624,483 GC heap after
Heap after GC invocations=1839 (full 0):
 PSYoungGen      total 24064K, used 64K [0x00000000d7200000, 0x00000000d8a80000, 0x0000000100000000)
  eden space 23552K, 0% used [0x00000000d7200000,0x00000000d7200000,0x00000000d8900000)
  from space 512K, 12% used [0x00000000d8980000,0x00000000d8990000,0x00000000d8a00000)
  to   space 512K, 0% used [0x00000000d8a00000,0x00000000d8a00000,0x00000000d8a80000)
 ParOldGen       total 84992K, used 30116K [0x0000000085600000, 0x000000008a900000, 0x00000000d7200000)
  object space 84992K, 35% used [0x0000000085600000,0x00000000873691c0,0x000000008a900000)
 Metaspace       used 15273K, capacity 15452K, committed 15744K, reserved 1062912K
  class space    used 1504K, capacity 1537K, committed 1664K, reserved 1048576K
}

Deoptimization events (10 events):
Event: 17241,581 Thread 0x00007f6394002800 Uncommon trap: reason=class_check action=maybe_recompile pc=0x00007f64158182d4 method=org.h2.index.IndexCursor.next()Z @ 24
Event: 17241,587 Thread 0x00007f6394002800 Uncommon trap: reason=class_check action=maybe_recompile pc=0x00007f641531e724 method=org.h2.command.CommandContainer.getParameters()Ljava/util/ArrayList; @ 4
Event: 17241,587 Thread 0x00007f6394002800 Uncommon trap: reason=bimorphic action=maybe_recompile pc=0x00007f64153ea904 method=org.h2.table.Column.convert(Lorg/h2/value/Value;)Lorg/h2/value/Value; @ 5
Event: 17241,587 Thread 0x00007f6394002800 Uncommon trap: reason=bimorphic action=maybe_recompile pc=0x00007f64153ea904 method=org.h2.table.Column.convert(Lorg/h2/value/Value;)Lorg/h2/value/Value; @ 5
Event: 17241,770 Thread 0x00007f6394002800 Uncommon trap: reason=class_check action=maybe_recompile pc=0x00007f64158182d4 method=org.h2.index.IndexCursor.next()Z @ 24
Event: 17241,770 Thread 0x00007f6394002800 Uncommon trap: reason=class_check action=maybe_recompile pc=0x00007f64158182d4 method=org.h2.index.IndexCursor.next()Z @ 24
Event: 17241,802 Thread 0x00007f6394002800 Uncommon trap: reason=class_check action=maybe_recompile pc=0x00007f6415826d9c method=org.h2.value.Value.convertTo(I)Lorg/h2/value/Value; @ 767
Event: 17241,802 Thread 0x00007f6394002800 Uncommon trap: reason=class_check action=maybe_recompile pc=0x00007f6415826d9c method=org.h2.value.Value.convertTo(I)Lorg/h2/value/Value; @ 767
Event: 17241,802 Thread 0x00007f6394002800 Uncommon trap: reason=class_check action=maybe_recompile pc=0x00007f641581dd0c method=org.h2.index.IndexCursor.next()Z @ 24
Event: 17241,803 Thread 0x00007f6394002800 Uncommon trap: reason=unreached action=reinterpret pc=0x00007f641549baf8 method=org.h2.expression.ExpressionColumn.getValue(Lorg/h2/engine/Session;)Lorg/h2/value/Value; @ 11

Internal exceptions (10 events):
Event: 17241,580 Thread 0x00007f6394002800 Exception <a 'java/security/PrivilegedActionException'> (0x00000000d742d418) thrown at [/HUDSON/workspace/8-2-build-linux-amd64/jdk8u20/1074/hotspot/src/share/vm/prims/jvm.cpp, line 1275]
Event: 17241,581 Thread 0x00007f6394002800 Exception <a 'java/security/PrivilegedActionException'> (0x00000000d7432860) thrown at [/HUDSON/workspace/8-2-build-linux-amd64/jdk8u20/1074/hotspot/src/share/vm/prims/jvm.cpp, line 1275]
Event: 17241,581 Thread 0x00007f6394002800 Implicit null exception at 0x00007f641568846e to 0x00007f6415689659
Event: 17241,748 Thread 0x00007f6394002800 Exception <a 'java/security/PrivilegedActionException'> (0x00000000d7497f48) thrown at [/HUDSON/workspace/8-2-build-linux-amd64/jdk8u20/1074/hotspot/src/share/vm/prims/jvm.cpp, line 1275]
Event: 17241,769 Thread 0x00007f6394002800 Exception <a 'java/security/PrivilegedActionException'> (0x00000000d74a3198) thrown at [/HUDSON/workspace/8-2-build-linux-amd64/jdk8u20/1074/hotspot/src/share/vm/prims/jvm.cpp, line 1275]
Event: 17241,770 Thread 0x00007f6394002800 Exception <a 'java/security/PrivilegedActionException'> (0x00000000d74a6730) thrown at [/HUDSON/workspace/8-2-build-linux-amd64/jdk8u20/1074/hotspot/src/share/vm/prims/jvm.cpp, line 1275]
Event: 17241,770 Thread 0x00007f6394002800 Exception <a 'java/security/PrivilegedActionException'> (0x00000000d74a8f70) thrown at [/HUDSON/workspace/8-2-build-linux-amd64/jdk8u20/1074/hotspot/src/share/vm/prims/jvm.cpp, line 1275]
Event: 17241,802 Thread 0x00007f6394002800 Exception <a 'java/net/SocketException'> (0x00000000d74b71e0) thrown at [/HUDSON/workspace/8-2-build-linux-amd64/jdk8u20/1074/hotspot/src/share/vm/prims/jni.cpp, line 716]
Event: 17241,803 Thread 0x00007f6394002800 Implicit null exception at 0x00007f641549b96c to 0x00007f641549bae5
Event: 17241,803 Thread 0x00007f6394002800 Exception <a 'java/net/SocketException'> (0x00000000d74b82c0) thrown at [/HUDSON/workspace/8-2-build-linux-amd64/jdk8u20/1074/hotspot/src/share/vm/prims/jni.cpp, line 716]

Events (10 events):
Event: 30647,872 loading class sun/awt/X11/XSystemTrayPeer$1
Event: 30647,872 loading class sun/awt/X11/XSystemTrayPeer$1 done
Event: 30647,872 loading class java/util/IdentityHashMap$Values
Event: 30647,872 loading class java/util/IdentityHashMap$Values done
Event: 30647,872 loading class java/util/IdentityHashMap$ValueIterator
Event: 30647,872 loading class java/util/IdentityHashMap$IdentityHashMapIterator
Event: 30647,872 loading class java/util/IdentityHashMap$IdentityHashMapIterator done
Event: 30647,872 loading class java/util/IdentityHashMap$ValueIterator done
Event: 30647,872 loading class sun/awt/X11/XSystemTrayPeer$3
Event: 30647,872 loading class sun/awt/X11/XSystemTrayPeer$3 done


Dynamic libraries:
00400000-00401000 r-xp 00000000 08:09 2239677                            /usr/lib/jvm/java-8-oracle/jre/bin/java
00600000-00601000 rw-p 00000000 08:09 2239677                            /usr/lib/jvm/java-8-oracle/jre/bin/java
02457000-02478000 rw-p 00000000 00:00 0                                  [heap]
85600000-8a900000 rw-p 00000000 00:00 0 
8a900000-d7200000 ---p 00000000 00:00 0 
d7200000-d8a80000 rw-p 00000000 00:00 0 
d8a80000-100000000 ---p 00000000 00:00 0 
100000000-1001a0000 rw-p 00000000 00:00 0 
1001a0000-140000000 ---p 00000000 00:00 0 
7f6384000000-7f638404d000 rw-p 00000000 00:00 0 
7f638404d000-7f6388000000 ---p 00000000 00:00 0 
7f638baee000-7f638bcae000 rw-p 00000000 00:00 0 
7f638bcae000-7f638bcee000 ---p 00000000 00:00 0 
7f638bcee000-7f638bcff000 r-xp 00000000 08:09 2239991                    /usr/lib/jvm/java-8-oracle/jre/lib/amd64/libnio.so
7f638bcff000-7f638befe000 ---p 00011000 08:09 2239991                    /usr/lib/jvm/java-8-oracle/jre/lib/amd64/libnio.so
7f638befe000-7f638beff000 rw-p 00010000 08:09 2239991                    /usr/lib/jvm/java-8-oracle/jre/lib/amd64/libnio.so
7f638beff000-7f638bf02000 ---p 00000000 00:00 0 
7f638bf02000-7f638c000000 rw-p 00000000 00:00 0 
7f638c000000-7f638c0e4000 rw-p 00000000 00:00 0 
7f638c0e4000-7f6390000000 ---p 00000000 00:00 0 
7f6390000000-7f6390047000 rw-p 00000000 00:00 0 
7f6390047000-7f6394000000 ---p 00000000 00:00 0 
7f6394000000-7f6394021000 rw-p 00000000 00:00 0 
7f6394021000-7f6398000000 ---p 00000000 00:00 0 
7f6398000000-7f6398021000 rw-p 00000000 00:00 0 
7f6398021000-7f639c000000 ---p 00000000 00:00 0 
7f639c000000-7f639c022000 rw-p 00000000 00:00 0 
7f639c022000-7f63a0000000 ---p 00000000 00:00 0 
7f63a0000000-7f63a0280000 rw-p 00000000 00:00 0 
7f63a0280000-7f63a4000000 ---p 00000000 00:00 0 
7f63a4000000-7f63a4022000 rw-p 00000000 00:00 0 
7f63a4022000-7f63a8000000 ---p 00000000 00:00 0 
7f63a8000000-7f63a8021000 rw-p 00000000 00:00 0 
7f63a8021000-7f63ac000000 ---p 00000000 00:00 0 
7f63ac000000-7f63ac021000 rw-p 00000000 00:00 0 
7f63ac021000-7f63b0000000 ---p 00000000 00:00 0 
7f63b0058000-7f63b005b000 ---p 00000000 00:00 0 
7f63b005b000-7f63b0159000 rw-p 00000000 00:00 0                          [stack:6165]
7f63b0159000-7f63b015c000 ---p 00000000 00:00 0 
7f63b015c000-7f63b025a000 rw-p 00000000 00:00 0 
7f63b025a000-7f63b025d000 ---p 00000000 00:00 0 
7f63b025d000-7f63b035b000 rw-p 00000000 00:00 0 
7f63b035b000-7f63b035e000 ---p 00000000 00:00 0 
7f63b035e000-7f63b045c000 rw-p 00000000 00:00 0 
7f63b045c000-7f63b045f000 ---p 00000000 00:00 0 
7f63b045f000-7f63b055d000 rw-p 00000000 00:00 0 
7f63b055d000-7f63b0560000 ---p 00000000 00:00 0 
7f63b0560000-7f63b065e000 rw-p 00000000 00:00 0                          [stack:6058]
7f63b065e000-7f63b0661000 ---p 00000000 00:00 0 
7f63b0661000-7f63b075f000 rw-p 00000000 00:00 0                          [stack:6057]
7f63b075f000-7f63b0760000 ---p 00000000 00:00 0 
7f63b0760000-7f63b0f60000 rw-p 00000000 00:00 0 
7f63b0f60000-7f63b0f61000 ---p 00000000 00:00 0 
7f63b0f61000-7f63b1761000 rw-p 00000000 00:00 0 
7f63b1761000-7f63b1762000 ---p 00000000 00:00 0 
7f63b1762000-7f63b1f62000 rw-p 00000000 00:00 0                          [stack:6041]
7f63b1f62000-7f63b1f63000 ---p 00000000 00:00 0 
7f63b1f63000-7f63b2763000 rw-p 00000000 00:00 0                          [stack:6040]
7f63b2763000-7f63b2764000 ---p 00000000 00:00 0 
7f63b2764000-7f63b2f64000 rw-p 00000000 00:00 0                          [stack:6039]
7f63b2f64000-7f63b2f6f000 r-xp 00000000 08:09 2230703                    /usr/lib/x86_64-linux-gnu/gio/modules/libdconfsettings.so
7f63b2f6f000-7f63b316f000 ---p 0000b000 08:09 2230703                    /usr/lib/x86_64-linux-gnu/gio/modules/libdconfsettings.so
7f63b316f000-7f63b3170000 r--p 0000b000 08:09 2230703                    /usr/lib/x86_64-linux-gnu/gio/modules/libdconfsettings.so
7f63b3170000-7f63b3171000 rw-p 0000c000 08:09 2230703                    /usr/lib/x86_64-linux-gnu/gio/modules/libdconfsettings.so
7f63b3171000-7f63b318a000 r-xp 00000000 08:09 2230707                    /usr/lib/x86_64-linux-gnu/gio/modules/libgioremote-volume-monitor.so
7f63b318a000-7f63b338a000 ---p 00019000 08:09 2230707                    /usr/lib/x86_64-linux-gnu/gio/modules/libgioremote-volume-monitor.so
7f63b338a000-7f63b338d000 r--p 00019000 08:09 2230707                    /usr/lib/x86_64-linux-gnu/gio/modules/libgioremote-volume-monitor.so
7f63b338d000-7f63b338e000 rw-p 0001c000 08:09 2230707                    /usr/lib/x86_64-linux-gnu/gio/modules/libgioremote-volume-monitor.so
7f63b338e000-7f63b33d2000 r-xp 00000000 08:09 266290                     /lib/x86_64-linux-gnu/libdbus-1.so.3.7.6
7f63b33d2000-7f63b35d1000 ---p 00044000 08:09 266290                     /lib/x86_64-linux-gnu/libdbus-1.so.3.7.6
7f63b35d1000-7f63b35d2000 r--p 00043000 08:09 266290                     /lib/x86_64-linux-gnu/libdbus-1.so.3.7.6
7f63b35d2000-7f63b35d3000 rw-p 00044000 08:09 266290                     /lib/x86_64-linux-gnu/libdbus-1.so.3.7.6
7f63b35d3000-7f63b35db000 r-xp 00000000 08:09 266338                     /lib/x86_64-linux-gnu/libnih-dbus.so.1.0.0
7f63b35db000-7f63b37db000 ---p 00008000 08:09 266338                     /lib/x86_64-linux-gnu/libnih-dbus.so.1.0.0
7f63b37db000-7f63b37dc000 r--p 00008000 08:09 266338                     /lib/x86_64-linux-gnu/libnih-dbus.so.1.0.0
7f63b37dc000-7f63b37dd000 rw-p 00009000 08:09 266338                     /lib/x86_64-linux-gnu/libnih-dbus.so.1.0.0
7f63b37dd000-7f63b37f4000 r-xp 00000000 08:09 266340                     /lib/x86_64-linux-gnu/libnih.so.1.0.0
7f63b37f4000-7f63b39f3000 ---p 00017000 08:09 266340                     /lib/x86_64-linux-gnu/libnih.so.1.0.0
7f63b39f3000-7f63b39f4000 r--p 00016000 08:09 266340                     /lib/x86_64-linux-gnu/libnih.so.1.0.0
7f63b39f4000-7f63b39f5000 rw-p 00017000 08:09 266340                     /lib/x86_64-linux-gnu/libnih.so.1.0.0
7f63b39f5000-7f63b3a0e000 r-xp 00000000 08:09 266281                     /lib/x86_64-linux-gnu/libcgmanager.so.0.0.0
7f63b3a0e000-7f63b3c0d000 ---p 00019000 08:09 266281                     /lib/x86_64-linux-gnu/libcgmanager.so.0.0.0
7f63b3c0d000-7f63b3c0f000 r--p 00018000 08:09 266281                     /lib/x86_64-linux-gnu/libcgmanager.so.0.0.0
7f63b3c0f000-7f63b3c10000 rw-p 0001a000 08:09 266281                     /lib/x86_64-linux-gnu/libcgmanager.so.0.0.0
7f63b3c10000-7f63b3c20000 r-xp 00000000 08:09 266213                     /lib/x86_64-linux-gnu/libudev.so.1.3.5
7f63b3c20000-7f63b3e1f000 ---p 00010000 08:09 266213                     /lib/x86_64-linux-gnu/libudev.so.1.3.5
7f63b3e1f000-7f63b3e20000 r--p 0000f000 08:09 266213                     /lib/x86_64-linux-gnu/libudev.so.1.3.5
7f63b3e20000-7f63b3e21000 rw-p 00010000 08:09 266213                     /lib/x86_64-linux-gnu/libudev.so.1.3.5
7f63b3e21000-7f63b3e55000 r-xp 00000000 08:09 2231008                    /usr/lib/x86_64-linux-gnu/gvfs/libgvfscommon.so
7f63b3e55000-7f63b4055000 ---p 00034000 08:09 2231008                    /usr/lib/x86_64-linux-gnu/gvfs/libgvfscommon.so
7f63b4055000-7f63b405a000 r--p 00034000 08:09 2231008                    /usr/lib/x86_64-linux-gnu/gvfs/libgvfscommon.so
7f63b405a000-7f63b405b000 rw-p 00039000 08:09 2231008                    /usr/lib/x86_64-linux-gnu/gvfs/libgvfscommon.so
7f63b405b000-7f63b408a000 r-xp 00000000 08:09 2230708                    /usr/lib/x86_64-linux-gnu/gio/modules/libgvfsdbus.so
7f63b408a000-7f63b428a000 ---p 0002f000 08:09 2230708                    /usr/lib/x86_64-linux-gnu/gio/modules/libgvfsdbus.so
7f63b428a000-7f63b428b000 r--p 0002f000 08:09 2230708                    /usr/lib/x86_64-linux-gnu/gio/modules/libgvfsdbus.so
7f63b428b000-7f63b428c000 rw-p 00030000 08:09 2230708                    /usr/lib/x86_64-linux-gnu/gio/modules/libgvfsdbus.so
7f63b428c000-7f63b428d000 rw-p 00000000 00:00 0 
7f63b428d000-7f63b4373000 r-xp 00000000 08:09 1976499                    /usr/lib/x86_64-linux-gnu/libstdc++.so.6.0.19
7f63b4373000-7f63b4572000 ---p 000e6000 08:09 1976499                    /usr/lib/x86_64-linux-gnu/libstdc++.so.6.0.19
7f63b4572000-7f63b457a000 r--p 000e5000 08:09 1976499                    /usr/lib/x86_64-linux-gnu/libstdc++.so.6.0.19
7f63b457a000-7f63b457c000 rw-p 000ed000 08:09 1976499                    /usr/lib/x86_64-linux-gnu/libstdc++.so.6.0.19
7f63b457c000-7f63b4591000 rw-p 00000000 00:00 0 
7f63b4591000-7f63b45b1000 r-xp 00000000 08:09 1976372                    /usr/lib/x86_64-linux-gnu/libproxy.so.1.0.0
7f63b45b1000-7f63b47b0000 ---p 00020000 08:09 1976372                    /usr/lib/x86_64-linux-gnu/libproxy.so.1.0.0
7f63b47b0000-7f63b47b1000 r--p 0001f000 08:09 1976372                    /usr/lib/x86_64-linux-gnu/libproxy.so.1.0.0
7f63b47b1000-7f63b47b2000 rw-p 00020000 08:09 1976372                    /usr/lib/x86_64-linux-gnu/libproxy.so.1.0.0
7f63b47b5000-7f63b49b5000 rw-p 00000000 00:00 0 
7f63b49b5000-7f63b49bc000 r-xp 00000000 08:09 1976312                    /usr/lib/x86_64-linux-gnu/libogg.so.0.8.1
7f63b49bc000-7f63b4bbc000 ---p 00007000 08:09 1976312                    /usr/lib/x86_64-linux-gnu/libogg.so.0.8.1
7f63b4bbc000-7f63b4bbd000 r--p 00007000 08:09 1976312                    /usr/lib/x86_64-linux-gnu/libogg.so.0.8.1
7f63b4bbd000-7f63b4bbe000 rw-p 00008000 08:09 1976312                    /usr/lib/x86_64-linux-gnu/libogg.so.0.8.1
7f63b4bbe000-7f63b4bea000 r-xp 00000000 08:09 1976590                    /usr/lib/x86_64-linux-gnu/libvorbis.so.0.4.5
7f63b4bea000-7f63b4de9000 ---p 0002c000 08:09 1976590                    /usr/lib/x86_64-linux-gnu/libvorbis.so.0.4.5
7f63b4de9000-7f63b4dea000 r--p 0002b000 08:09 1976590                    /usr/lib/x86_64-linux-gnu/libvorbis.so.0.4.5
7f63b4dea000-7f63b4deb000 rw-p 0002c000 08:09 1976590                    /usr/lib/x86_64-linux-gnu/libvorbis.so.0.4.5
7f63b4deb000-7f63b4df4000 r-xp 00000000 08:09 1976218                    /usr/lib/x86_64-linux-gnu/libltdl.so.7.3.0
7f63b4df4000-7f63b4ff3000 ---p 00009000 08:09 1976218                    /usr/lib/x86_64-linux-gnu/libltdl.so.7.3.0
7f63b4ff3000-7f63b4ff4000 r--p 00008000 08:09 1976218                    /usr/lib/x86_64-linux-gnu/libltdl.so.7.3.0
7f63b4ff4000-7f63b4ff5000 rw-p 00009000 08:09 1976218                    /usr/lib/x86_64-linux-gnu/libltdl.so.7.3.0
7f63b4ff5000-7f63b5006000 r-xp 00000000 08:09 1976509                    /usr/lib/x86_64-linux-gnu/libtdb.so.1.2.12
7f63b5006000-7f63b5205000 ---p 00011000 08:09 1976509                    /usr/lib/x86_64-linux-gnu/libtdb.so.1.2.12
7f63b5205000-7f63b5206000 r--p 00010000 08:09 1976509                    /usr/lib/x86_64-linux-gnu/libtdb.so.1.2.12
7f63b5206000-7f63b5207000 rw-p 00011000 08:09 1976509                    /usr/lib/x86_64-linux-gnu/libtdb.so.1.2.12
7f63b5207000-7f63b520e000 r-xp 00000000 08:09 1976594                    /usr/lib/x86_64-linux-gnu/libvorbisfile.so.3.3.4
7f63b520e000-7f63b540d000 ---p 00007000 08:09 1976594                    /usr/lib/x86_64-linux-gnu/libvorbisfile.so.3.3.4
7f63b540d000-7f63b540e000 r--p 00006000 08:09 1976594                    /usr/lib/x86_64-linux-gnu/libvorbisfile.so.3.3.4
7f63b540e000-7f63b540f000 rw-p 00007000 08:09 1976594                    /usr/lib/x86_64-linux-gnu/libvorbisfile.so.3.3.4
7f63b540f000-7f63b541e000 r-xp 00000000 08:09 1975732                    /usr/lib/x86_64-linux-gnu/libcanberra.so.0.2.5
7f63b541e000-7f63b561d000 ---p 0000f000 08:09 1975732                    /usr/lib/x86_64-linux-gnu/libcanberra.so.0.2.5
7f63b561d000-7f63b561e000 r--p 0000e000 08:09 1975732                    /usr/lib/x86_64-linux-gnu/libcanberra.so.0.2.5
7f63b561e000-7f63b561f000 rw-p 0000f000 08:09 1975732                    /usr/lib/x86_64-linux-gnu/libcanberra.so.0.2.5
7f63b561f000-7f63b5623000 r-xp 00000000 08:09 1975728                    /usr/lib/x86_64-linux-gnu/libcanberra-gtk.so.0.1.9
7f63b5623000-7f63b5822000 ---p 00004000 08:09 1975728                    /usr/lib/x86_64-linux-gnu/libcanberra-gtk.so.0.1.9
7f63b5822000-7f63b5823000 r--p 00003000 08:09 1975728                    /usr/lib/x86_64-linux-gnu/libcanberra-gtk.so.0.1.9
7f63b5823000-7f63b5824000 rw-p 00004000 08:09 1975728                    /usr/lib/x86_64-linux-gnu/libcanberra-gtk.so.0.1.9
7f63b5824000-7f63b5829000 r-xp 00000000 08:09 2230958                    /usr/lib/x86_64-linux-gnu/gtk-2.0/modules/libcanberra-gtk-module.so
7f63b5829000-7f63b5a28000 ---p 00005000 08:09 2230958                    /usr/lib/x86_64-linux-gnu/gtk-2.0/modules/libcanberra-gtk-module.so
7f63b5a28000-7f63b5a29000 r--p 00004000 08:09 2230958                    /usr/lib/x86_64-linux-gnu/gtk-2.0/modules/libcanberra-gtk-module.so
7f63b5a29000-7f63b5a2a000 rw-p 00005000 08:09 2230958                    /usr/lib/x86_64-linux-gnu/gtk-2.0/modules/libcanberra-gtk-module.so
7f63b5a2a000-7f63b5a59000 r-xp 00000000 08:09 2230940                    /usr/lib/x86_64-linux-gnu/gtk-2.0/2.10.0/engines/libmurrine.so
7f63b5a59000-7f63b5c59000 ---p 0002f000 08:09 2230940                    /usr/lib/x86_64-linux-gnu/gtk-2.0/2.10.0/engines/libmurrine.so
7f63b5c59000-7f63b5c5a000 r--p 0002f000 08:09 2230940                    /usr/lib/x86_64-linux-gnu/gtk-2.0/2.10.0/engines/libmurrine.so
7f63b5c5a000-7f63b5c5b000 rw-p 00030000 08:09 2230940                    /usr/lib/x86_64-linux-gnu/gtk-2.0/2.10.0/engines/libmurrine.so
7f63b5c5b000-7f63b5c6b000 r-xp 00000000 08:09 1967791                    /usr/lib/x86_64-linux-gnu/libunity-gtk2-parser.so.0.0.0
7f63b5c6b000-7f63b5e6a000 ---p 00010000 08:09 1967791                    /usr/lib/x86_64-linux-gnu/libunity-gtk2-parser.so.0.0.0
7f63b5e6a000-7f63b5e6b000 r--p 0000f000 08:09 1967791                    /usr/lib/x86_64-linux-gnu/libunity-gtk2-parser.so.0.0.0
7f63b5e6b000-7f63b5e6c000 rw-p 00010000 08:09 1967791                    /usr/lib/x86_64-linux-gnu/libunity-gtk2-parser.so.0.0.0
7f63b5e6c000-7f63b5e71000 r-xp 00000000 08:09 2238748                    /usr/lib/x86_64-linux-gnu/gtk-2.0/modules/libunity-gtk-module.so
7f63b5e71000-7f63b6070000 ---p 00005000 08:09 2238748                    /usr/lib/x86_64-linux-gnu/gtk-2.0/modules/libunity-gtk-module.so
7f63b6070000-7f63b6071000 r--p 00004000 08:09 2238748                    /usr/lib/x86_64-linux-gnu/gtk-2.0/modules/libunity-gtk-module.so
7f63b6071000-7f63b6072000 rw-p 00005000 08:09 2238748                    /usr/lib/x86_64-linux-gnu/gtk-2.0/modules/libunity-gtk-module.so
7f63b6072000-7f63b6083000 r-xp 00000000 08:09 2230961                    /usr/lib/x86_64-linux-gnu/gtk-2.0/modules/liboverlay-scrollbar.so
7f63b6083000-7f63b6282000 ---p 00011000 08:09 2230961                    /usr/lib/x86_64-linux-gnu/gtk-2.0/modules/liboverlay-scrollbar.so
7f63b6282000-7f63b6283000 r--p 00010000 08:09 2230961                    /usr/lib/x86_64-linux-gnu/gtk-2.0/modules/liboverlay-scrollbar.so
7f63b6283000-7f63b6284000 rw-p 00011000 08:09 2230961                    /usr/lib/x86_64-linux-gnu/gtk-2.0/modules/liboverlay-scrollbar.so
7f63b6284000-7f63b6285000 r-xp 00000000 08:09 1976111                    /usr/lib/x86_64-linux-gnu/libgthread-2.0.so.0.4000.0
7f63b6285000-7f63b6484000 ---p 00001000 08:09 1976111                    /usr/lib/x86_64-linux-gnu/libgthread-2.0.so.0.4000.0
7f63b6484000-7f63b6485000 r--p 00000000 08:09 1976111                    /usr/lib/x86_64-linux-gnu/libgthread-2.0.so.0.4000.0
7f63b6485000-7f63b6486000 rw-p 00001000 08:09 1976111                    /usr/lib/x86_64-linux-gnu/libgthread-2.0.so.0.4000.0
7f63b6486000-7f63b648c000 r-xp 00000000 08:09 1975796                    /usr/lib/x86_64-linux-gnu/libdatrie.so.1.3.1
7f63b648c000-7f63b668b000 ---p 00006000 08:09 1975796                    /usr/lib/x86_64-linux-gnu/libdatrie.so.1.3.1
7f63b668b000-7f63b668c000 r--p 00005000 08:09 1975796                    /usr/lib/x86_64-linux-gnu/libdatrie.so.1.3.1
7f63b668c000-7f63b668d000 rw-p 00006000 08:09 1975796                    /usr/lib/x86_64-linux-gnu/libdatrie.so.1.3.1
7f63b668d000-7f63b66a7000 r-xp 00000000 08:09 1976022                    /usr/lib/x86_64-linux-gnu/libgraphite2.so.3.0.1
7f63b66a7000-7f63b68a6000 ---p 0001a000 08:09 1976022                    /usr/lib/x86_64-linux-gnu/libgraphite2.so.3.0.1
7f63b68a6000-7f63b68a8000 r--p 00019000 08:09 1976022                    /usr/lib/x86_64-linux-gnu/libgraphite2.so.3.0.1
7f63b68a8000-7f63b68a9000 rw-p 0001b000 08:09 1976022                    /usr/lib/x86_64-linux-gnu/libgraphite2.so.3.0.1
7f63b68a9000-7f63b68e6000 r-xp 00000000 08:09 266379                     /lib/x86_64-linux-gnu/libpcre.so.3.13.1
7f63b68e6000-7f63b6ae5000 ---p 0003d000 08:09 266379                     /lib/x86_64-linux-gnu/libpcre.so.3.13.1
7f63b6ae5000-7f63b6ae6000 r--p 0003c000 08:09 266379                     /lib/x86_64-linux-gnu/libpcre.so.3.13.1
7f63b6ae6000-7f63b6ae7000 rw-p 0003d000 08:09 266379                     /lib/x86_64-linux-gnu/libpcre.so.3.13.1
7f63b6ae7000-7f63b6aee000 r-xp 00000000 08:09 1975871                    /usr/lib/x86_64-linux-gnu/libffi.so.6.0.1
7f63b6aee000-7f63b6ced000 ---p 00007000 08:09 1975871                    /usr/lib/x86_64-linux-gnu/libffi.so.6.0.1
7f63b6ced000-7f63b6cee000 r--p 00006000 08:09 1975871                    /usr/lib/x86_64-linux-gnu/libffi.so.6.0.1
7f63b6cee000-7f63b6cef000 rw-p 00007000 08:09 1975871                    /usr/lib/x86_64-linux-gnu/libffi.so.6.0.1
7f63b6cef000-7f63b6d16000 r-xp 00000000 08:09 266298                     /lib/x86_64-linux-gnu/libexpat.so.1.6.0
7f63b6d16000-7f63b6f16000 ---p 00027000 08:09 266298                     /lib/x86_64-linux-gnu/libexpat.so.1.6.0
7f63b6f16000-7f63b6f18000 r--p 00027000 08:09 266298                     /lib/x86_64-linux-gnu/libexpat.so.1.6.0
7f63b6f18000-7f63b6f19000 rw-p 00029000 08:09 266298                     /lib/x86_64-linux-gnu/libexpat.so.1.6.0
7f63b6f19000-7f63b6f21000 r-xp 00000000 08:09 1976521                    /usr/lib/x86_64-linux-gnu/libthai.so.0.2.0
7f63b6f21000-7f63b7120000 ---p 00008000 08:09 1976521                    /usr/lib/x86_64-linux-gnu/libthai.so.0.2.0
7f63b7120000-7f63b7121000 r--p 00007000 08:09 1976521                    /usr/lib/x86_64-linux-gnu/libthai.so.0.2.0
7f63b7121000-7f63b7122000 rw-p 00008000 08:09 1976521                    /usr/lib/x86_64-linux-gnu/libthai.so.0.2.0
7f63b7122000-7f63b7175000 r-xp 00000000 08:09 1976135                    /usr/lib/x86_64-linux-gnu/libharfbuzz.so.0.927.0
7f63b7175000-7f63b7375000 ---p 00053000 08:09 1976135                    /usr/lib/x86_64-linux-gnu/libharfbuzz.so.0.927.0
7f63b7375000-7f63b7376000 r--p 00053000 08:09 1976135                    /usr/lib/x86_64-linux-gnu/libharfbuzz.so.0.927.0
7f63b7376000-7f63b7377000 rw-p 00054000 08:09 1976135                    /usr/lib/x86_64-linux-gnu/libharfbuzz.so.0.927.0
7f63b7377000-7f63b738e000 r-xp 00000000 08:09 266283                     /lib/x86_64-linux-gnu/libresolv-2.19.so
7f63b738e000-7f63b758e000 ---p 00017000 08:09 266283                     /lib/x86_64-linux-gnu/libresolv-2.19.so
7f63b758e000-7f63b758f000 r--p 00017000 08:09 266283                     /lib/x86_64-linux-gnu/libresolv-2.19.so
7f63b758f000-7f63b7590000 rw-p 00018000 08:09 266283                     /lib/x86_64-linux-gnu/libresolv-2.19.so
7f63b7590000-7f63b7592000 rw-p 00000000 00:00 0 
7f63b7592000-7f63b75b2000 r-xp 00000000 08:09 266406                     /lib/x86_64-linux-gnu/libselinux.so.1
7f63b75b2000-7f63b77b1000 ---p 00020000 08:09 266406                     /lib/x86_64-linux-gnu/libselinux.so.1
7f63b77b1000-7f63b77b2000 r--p 0001f000 08:09 266406                     /lib/x86_64-linux-gnu/libselinux.so.1
7f63b77b2000-7f63b77b3000 rw-p 00020000 08:09 266406                     /lib/x86_64-linux-gnu/libselinux.so.1
7f63b77b3000-7f63b77b5000 rw-p 00000000 00:00 0 
7f63b77b5000-7f63b77cd000 r-xp 00000000 08:09 266439                     /lib/x86_64-linux-gnu/libz.so.1.2.8
7f63b77cd000-7f63b79cc000 ---p 00018000 08:09 266439                     /lib/x86_64-linux-gnu/libz.so.1.2.8
7f63b79cc000-7f63b79cd000 r--p 00017000 08:09 266439                     /lib/x86_64-linux-gnu/libz.so.1.2.8
7f63b79cd000-7f63b79ce000 rw-p 00018000 08:09 266439                     /lib/x86_64-linux-gnu/libz.so.1.2.8
7f63b79ce000-7f63b79d6000 r-xp 00000000 08:09 1976649                    /usr/lib/x86_64-linux-gnu/libxcb-render.so.0.0.0
7f63b79d6000-7f63b7bd5000 ---p 00008000 08:09 1976649                    /usr/lib/x86_64-linux-gnu/libxcb-render.so.0.0.0
7f63b7bd5000-7f63b7bd6000 r--p 00007000 08:09 1976649                    /usr/lib/x86_64-linux-gnu/libxcb-render.so.0.0.0
7f63b7bd6000-7f63b7bd7000 rw-p 00008000 08:09 1976649                    /usr/lib/x86_64-linux-gnu/libxcb-render.so.0.0.0
7f63b7bd7000-7f63b7bd9000 r-xp 00000000 08:09 1976653                    /usr/lib/x86_64-linux-gnu/libxcb-shm.so.0.0.0
7f63b7bd9000-7f63b7dd8000 ---p 00002000 08:09 1976653                    /usr/lib/x86_64-linux-gnu/libxcb-shm.so.0.0.0
7f63b7dd8000-7f63b7dd9000 r--p 00001000 08:09 1976653                    /usr/lib/x86_64-linux-gnu/libxcb-shm.so.0.0.0
7f63b7dd9000-7f63b7dda000 rw-p 00002000 08:09 1976653                    /usr/lib/x86_64-linux-gnu/libxcb-shm.so.0.0.0
7f63b7dda000-7f63b7dff000 r-xp 00000000 08:09 266391                     /lib/x86_64-linux-gnu/libpng12.so.0.50.0
7f63b7dff000-7f63b7ffe000 ---p 00025000 08:09 266391                     /lib/x86_64-linux-gnu/libpng12.so.0.50.0
7f63b7ffe000-7f63b7fff000 r--p 00024000 08:09 266391                     /lib/x86_64-linux-gnu/libpng12.so.0.50.0
7f63b7fff000-7f63b8000000 rw-p 00025000 08:09 266391                     /lib/x86_64-linux-gnu/libpng12.so.0.50.0
7f63b8000000-7f63b8021000 rw-p 00000000 00:00 0 
7f63b8021000-7f63bc000000 ---p 00000000 00:00 0 
7f63bc000000-7f63bc021000 rw-p 00000000 00:00 0 
7f63bc021000-7f63c0000000 ---p 00000000 00:00 0 
7f63c0000000-7f63c0021000 rw-p 00000000 00:00 0 
7f63c0021000-7f63c4000000 ---p 00000000 00:00 0 
7f63c4000000-7f63c4021000 rw-p 00000000 00:00 0 
7f63c4021000-7f63c8000000 ---p 00000000 00:00 0 
7f63c8000000-7f63c802b000 rw-p 00000000 00:00 0 
7f63c802b000-7f63cc000000 ---p 00000000 00:00 0 
7f63cc047000-7f63cc0e8000 r-xp 00000000 08:09 1976351                    /usr/lib/x86_64-linux-gnu/libpixman-1.so.0.30.2
7f63cc0e8000-7f63cc2e8000 ---p 000a1000 08:09 1976351                    /usr/lib/x86_64-linux-gnu/libpixman-1.so.0.30.2
7f63cc2e8000-7f63cc2ef000 r--p 000a1000 08:09 1976351                    /usr/lib/x86_64-linux-gnu/libpixman-1.so.0.30.2
7f63cc2ef000-7f63cc2f0000 rw-p 000a8000 08:09 1976351                    /usr/lib/x86_64-linux-gnu/libpixman-1.so.0.30.2
7f63cc2f0000-7f63cc38d000 r-xp 00000000 08:09 1975913                    /usr/lib/x86_64-linux-gnu/libfreetype.so.6.11.1
7f63cc38d000-7f63cc58c000 ---p 0009d000 08:09 1975913                    /usr/lib/x86_64-linux-gnu/libfreetype.so.6.11.1
7f63cc58c000-7f63cc592000 r--p 0009c000 08:09 1975913                    /usr/lib/x86_64-linux-gnu/libfreetype.so.6.11.1
7f63cc592000-7f63cc593000 rw-p 000a2000 08:09 1975913                    /usr/lib/x86_64-linux-gnu/libfreetype.so.6.11.1
7f63cc593000-7f63cc595000 r-xp 00000000 08:09 1975602                    /usr/lib/x86_64-linux-gnu/libXdamage.so.1.1.0
7f63cc595000-7f63cc794000 ---p 00002000 08:09 1975602                    /usr/lib/x86_64-linux-gnu/libXdamage.so.1.1.0
7f63cc794000-7f63cc795000 r--p 00001000 08:09 1975602                    /usr/lib/x86_64-linux-gnu/libXdamage.so.1.1.0
7f63cc795000-7f63cc796000 rw-p 00002000 08:09 1975602                    /usr/lib/x86_64-linux-gnu/libXdamage.so.1.1.0
7f63cc796000-7f63cc798000 r-xp 00000000 08:09 1975598                    /usr/lib/x86_64-linux-gnu/libXcomposite.so.1.0.0
7f63cc798000-7f63cc997000 ---p 00002000 08:09 1975598                    /usr/lib/x86_64-linux-gnu/libXcomposite.so.1.0.0
7f63cc997000-7f63cc998000 r--p 00001000 08:09 1975598                    /usr/lib/x86_64-linux-gnu/libXcomposite.so.1.0.0
7f63cc998000-7f63cc999000 rw-p 00002000 08:09 1975598                    /usr/lib/x86_64-linux-gnu/libXcomposite.so.1.0.0
7f63cc999000-7f63cc9a2000 r-xp 00000000 08:09 1975626                    /usr/lib/x86_64-linux-gnu/libXrandr.so.2.2.0
7f63cc9a2000-7f63ccba1000 ---p 00009000 08:09 1975626                    /usr/lib/x86_64-linux-gnu/libXrandr.so.2.2.0
7f63ccba1000-7f63ccba2000 r--p 00008000 08:09 1975626                    /usr/lib/x86_64-linux-gnu/libXrandr.so.2.2.0
7f63ccba2000-7f63ccba3000 rw-p 00009000 08:09 1975626                    /usr/lib/x86_64-linux-gnu/libXrandr.so.2.2.0
7f63ccba3000-7f63ccba5000 r-xp 00000000 08:09 1975616                    /usr/lib/x86_64-linux-gnu/libXinerama.so.1.0.0
7f63ccba5000-7f63ccda4000 ---p 00002000 08:09 1975616                    /usr/lib/x86_64-linux-gnu/libXinerama.so.1.0.0
7f63ccda4000-7f63ccda5000 r--p 00001000 08:09 1975616                    /usr/lib/x86_64-linux-gnu/libXinerama.so.1.0.0
7f63ccda5000-7f63ccda6000 rw-p 00002000 08:09 1975616                    /usr/lib/x86_64-linux-gnu/libXinerama.so.1.0.0
7f63ccda6000-7f63cceac000 r-xp 00000000 08:09 266307                     /lib/x86_64-linux-gnu/libglib-2.0.so.0.4000.0
7f63cceac000-7f63cd0ab000 ---p 00106000 08:09 266307                     /lib/x86_64-linux-gnu/libglib-2.0.so.0.4000.0
7f63cd0ab000-7f63cd0ac000 r--p 00105000 08:09 266307                     /lib/x86_64-linux-gnu/libglib-2.0.so.0.4000.0
7f63cd0ac000-7f63cd0ad000 rw-p 00106000 08:09 266307                     /lib/x86_64-linux-gnu/libglib-2.0.so.0.4000.0
7f63cd0ad000-7f63cd0ae000 rw-p 00000000 00:00 0 
7f63cd0ae000-7f63cd0fd000 r-xp 00000000 08:09 1976004                    /usr/lib/x86_64-linux-gnu/libgobject-2.0.so.0.4000.0
7f63cd0fd000-7f63cd2fd000 ---p 0004f000 08:09 1976004                    /usr/lib/x86_64-linux-gnu/libgobject-2.0.so.0.4000.0
7f63cd2fd000-7f63cd2fe000 r--p 0004f000 08:09 1976004                    /usr/lib/x86_64-linux-gnu/libgobject-2.0.so.0.4000.0
7f63cd2fe000-7f63cd2ff000 rw-p 00050000 08:09 1976004                    /usr/lib/x86_64-linux-gnu/libgobject-2.0.so.0.4000.0
7f63cd2ff000-7f63cd339000 r-xp 00000000 08:09 1975885                    /usr/lib/x86_64-linux-gnu/libfontconfig.so.1.8.0
7f63cd339000-7f63cd538000 ---p 0003a000 08:09 1975885                    /usr/lib/x86_64-linux-gnu/libfontconfig.so.1.8.0
7f63cd538000-7f63cd53a000 r--p 00039000 08:09 1975885                    /usr/lib/x86_64-linux-gnu/libfontconfig.so.1.8.0
7f63cd53a000-7f63cd53b000 rw-p 0003b000 08:09 1975885                    /usr/lib/x86_64-linux-gnu/libfontconfig.so.1.8.0
7f63cd53b000-7f63cd585000 r-xp 00000000 08:09 1976328                    /usr/lib/x86_64-linux-gnu/libpango-1.0.so.0.3600.3
7f63cd585000-7f63cd785000 ---p 0004a000 08:09 1976328                    /usr/lib/x86_64-linux-gnu/libpango-1.0.so.0.3600.3
7f63cd785000-7f63cd787000 r--p 0004a000 08:09 1976328                    /usr/lib/x86_64-linux-gnu/libpango-1.0.so.0.3600.3
7f63cd787000-7f63cd788000 rw-p 0004c000 08:09 1976328                    /usr/lib/x86_64-linux-gnu/libpango-1.0.so.0.3600.3
7f63cd788000-7f63cd79c000 r-xp 00000000 08:09 1976332                    /usr/lib/x86_64-linux-gnu/libpangoft2-1.0.so.0.3600.3
7f63cd79c000-7f63cd99b000 ---p 00014000 08:09 1976332                    /usr/lib/x86_64-linux-gnu/libpangoft2-1.0.so.0.3600.3
7f63cd99b000-7f63cd99c000 r--p 00013000 08:09 1976332                    /usr/lib/x86_64-linux-gnu/libpangoft2-1.0.so.0.3600.3
7f63cd99c000-7f63cd99d000 rw-p 00014000 08:09 1976332                    /usr/lib/x86_64-linux-gnu/libpangoft2-1.0.so.0.3600.3
7f63cd99d000-7f63cdb08000 r-xp 00000000 08:09 1975974                    /usr/lib/x86_64-linux-gnu/libgio-2.0.so.0.4000.0
7f63cdb08000-7f63cdd08000 ---p 0016b000 08:09 1975974                    /usr/lib/x86_64-linux-gnu/libgio-2.0.so.0.4000.0
7f63cdd08000-7f63cdd0c000 r--p 0016b000 08:09 1975974                    /usr/lib/x86_64-linux-gnu/libgio-2.0.so.0.4000.0
7f63cdd0c000-7f63cdd0e000 rw-p 0016f000 08:09 1975974                    /usr/lib/x86_64-linux-gnu/libgio-2.0.so.0.4000.0
7f63cdd0e000-7f63cdd10000 rw-p 00000000 00:00 0 
7f63cdd10000-7f63cdd2f000 r-xp 00000000 08:09 1975950                    /usr/lib/x86_64-linux-gnu/libgdk_pixbuf-2.0.so.0.3000.7
7f63cdd2f000-7f63cdf2f000 ---p 0001f000 08:09 1975950                    /usr/lib/x86_64-linux-gnu/libgdk_pixbuf-2.0.so.0.3000.7
7f63cdf2f000-7f63cdf30000 r--p 0001f000 08:09 1975950                    /usr/lib/x86_64-linux-gnu/libgdk_pixbuf-2.0.so.0.3000.7
7f63cdf30000-7f63cdf31000 rw-p 00020000 08:09 1975950                    /usr/lib/x86_64-linux-gnu/libgdk_pixbuf-2.0.so.0.3000.7
7f63cdf31000-7f63ce037000 r-xp 00000000 08:09 1975724                    /usr/lib/x86_64-linux-gnu/libcairo.so.2.11301.0
7f63ce037000-7f63ce236000 ---p 00106000 08:09 1975724                    /usr/lib/x86_64-linux-gnu/libcairo.so.2.11301.0
7f63ce236000-7f63ce239000 r--p 00105000 08:09 1975724                    /usr/lib/x86_64-linux-gnu/libcairo.so.2.11301.0
7f63ce239000-7f63ce23a000 rw-p 00108000 08:09 1975724                    /usr/lib/x86_64-linux-gnu/libcairo.so.2.11301.0
7f63ce23a000-7f63ce23c000 rw-p 00000000 00:00 0 
7f63ce23c000-7f63ce25b000 r-xp 00000000 08:09 1975685                    /usr/lib/x86_64-linux-gnu/libatk-1.0.so.0.21009.1
7f63ce25b000-7f63ce45b000 ---p 0001f000 08:09 1975685                    /usr/lib/x86_64-linux-gnu/libatk-1.0.so.0.21009.1
7f63ce45b000-7f63ce45d000 r--p 0001f000 08:09 1975685                    /usr/lib/x86_64-linux-gnu/libatk-1.0.so.0.21009.1
7f63ce45d000-7f63ce45e000 rw-p 00021000 08:09 1975685                    /usr/lib/x86_64-linux-gnu/libatk-1.0.so.0.21009.1
7f63ce45e000-7f63ce469000 r-xp 00000000 08:09 1976330                    /usr/lib/x86_64-linux-gnu/libpangocairo-1.0.so.0.3600.3
7f63ce469000-7f63ce669000 ---p 0000b000 08:09 1976330                    /usr/lib/x86_64-linux-gnu/libpangocairo-1.0.so.0.3600.3
7f63ce669000-7f63ce66a000 r--p 0000b000 08:09 1976330                    /usr/lib/x86_64-linux-gnu/libpangocairo-1.0.so.0.3600.3
7f63ce66a000-7f63ce66b000 rw-p 0000c000 08:09 1976330                    /usr/lib/x86_64-linux-gnu/libpangocairo-1.0.so.0.3600.3
7f63ce66b000-7f63ce66e000 r-xp 00000000 08:09 1975988                    /usr/lib/x86_64-linux-gnu/libgmodule-2.0.so.0.4000.0
7f63ce66e000-7f63ce86d000 ---p 00003000 08:09 1975988                    /usr/lib/x86_64-linux-gnu/libgmodule-2.0.so.0.4000.0
7f63ce86d000-7f63ce86e000 r--p 00002000 08:09 1975988                    /usr/lib/x86_64-linux-gnu/libgmodule-2.0.so.0.4000.0
7f63ce86e000-7f63ce86f000 rw-p 00003000 08:09 1975988                    /usr/lib/x86_64-linux-gnu/libgmodule-2.0.so.0.4000.0
7f63ce86f000-7f63ce91c000 r-xp 00000000 08:09 1975948                    /usr/lib/x86_64-linux-gnu/libgdk-x11-2.0.so.0.2400.23
7f63ce91c000-7f63ceb1b000 ---p 000ad000 08:09 1975948                    /usr/lib/x86_64-linux-gnu/libgdk-x11-2.0.so.0.2400.23
7f63ceb1b000-7f63ceb1f000 r--p 000ac000 08:09 1975948                    /usr/lib/x86_64-linux-gnu/libgdk-x11-2.0.so.0.2400.23
7f63ceb1f000-7f63ceb21000 rw-p 000b0000 08:09 1975948                    /usr/lib/x86_64-linux-gnu/libgdk-x11-2.0.so.0.2400.23
7f63ceb21000-7f63cef50000 r-xp 00000000 08:09 1976115                    /usr/lib/x86_64-linux-gnu/libgtk-x11-2.0.so.0.2400.23
7f63cef50000-7f63cf14f000 ---p 0042f000 08:09 1976115                    /usr/lib/x86_64-linux-gnu/libgtk-x11-2.0.so.0.2400.23
7f63cf14f000-7f63cf156000 r--p 0042e000 08:09 1976115                    /usr/lib/x86_64-linux-gnu/libgtk-x11-2.0.so.0.2400.23
7f63cf156000-7f63cf15a000 rw-p 00435000 08:09 1976115                    /usr/lib/x86_64-linux-gnu/libgtk-x11-2.0.so.0.2400.23
7f63cf15a000-7f63cf35d000 rw-p 00000000 00:00 0 
7f63cf35d000-7f63cf360000 ---p 00000000 00:00 0 
7f63cf360000-7f63cf45e000 rw-p 00000000 00:00 0 
7f63cf45e000-7f63cf461000 ---p 00000000 00:00 0 
7f63cf461000-7f63cf55f000 rw-p 00000000 00:00 0 
7f63cf55f000-7f63cf562000 ---p 00000000 00:00 0 
7f63cf562000-7f63cf660000 rw-p 00000000 00:00 0                          [stack:6036]
7f63cf660000-7f63cf663000 ---p 00000000 00:00 0 
7f63cf663000-7f63cf761000 rw-p 00000000 00:00 0                          [stack:6035]
7f63cf761000-7f63cf766000 r-xp 00000000 08:09 1975608                    /usr/lib/x86_64-linux-gnu/libXfixes.so.3.1.0
7f63cf766000-7f63cf965000 ---p 00005000 08:09 1975608                    /usr/lib/x86_64-linux-gnu/libXfixes.so.3.1.0
7f63cf965000-7f63cf966000 r--p 00004000 08:09 1975608                    /usr/lib/x86_64-linux-gnu/libXfixes.so.3.1.0
7f63cf966000-7f63cf967000 rw-p 00005000 08:09 1975608                    /usr/lib/x86_64-linux-gnu/libXfixes.so.3.1.0
7f63cf967000-7f63cf970000 r-xp 00000000 08:09 1975600                    /usr/lib/x86_64-linux-gnu/libXcursor.so.1.0.2
7f63cf970000-7f63cfb6f000 ---p 00009000 08:09 1975600                    /usr/lib/x86_64-linux-gnu/libXcursor.so.1.0.2
7f63cfb6f000-7f63cfb70000 r--p 00008000 08:09 1975600                    /usr/lib/x86_64-linux-gnu/libXcursor.so.1.0.2
7f63cfb70000-7f63cfb71000 rw-p 00009000 08:09 1975600                    /usr/lib/x86_64-linux-gnu/libXcursor.so.1.0.2
7f63cfb71000-7f63cfb87000 r-xp 00000000 08:09 266303                     /lib/x86_64-linux-gnu/libgcc_s.so.1
7f63cfb87000-7f63cfd86000 ---p 00016000 08:09 266303                     /lib/x86_64-linux-gnu/libgcc_s.so.1
7f63cfd86000-7f63cfd87000 rw-p 00015000 08:09 266303                     /lib/x86_64-linux-gnu/libgcc_s.so.1
7f63cfd87000-7f63cfdec000 r-xp 00000000 08:09 2240025                    /usr/lib/jvm/java-8-oracle/jre/lib/amd64/libfontmanager.so
7f63cfdec000-7f63cffeb000 ---p 00065000 08:09 2240025                    /usr/lib/jvm/java-8-oracle/jre/lib/amd64/libfontmanager.so
7f63cffeb000-7f63cffef000 rw-p 00064000 08:09 2240025                    /usr/lib/jvm/java-8-oracle/jre/lib/amd64/libfontmanager.so
7f63cffef000-7f63d0000000 rw-p 00000000 00:00 0 
7f63d0000000-7f63d0039000 rw-p 00000000 00:00 0 
7f63d0039000-7f63d4000000 ---p 00000000 00:00 0 
7f63d4000000-7f63d4021000 rw-p 00000000 00:00 0 
7f63d4021000-7f63d8000000 ---p 00000000 00:00 0 
7f63d8000000-7f63d8021000 rw-p 00000000 00:00 0 
7f63d8021000-7f63dc000000 ---p 00000000 00:00 0 
7f63dc000000-7f63dc021000 rw-p 00000000 00:00 0 
7f63dc021000-7f63e0000000 ---p 00000000 00:00 0 
7f63e0000000-7f63e15a1000 rw-p 00000000 00:00 0 
7f63e15a1000-7f63e4000000 ---p 00000000 00:00 0 
7f63e4000000-7f63e4827000 rw-p 00000000 00:00 0 
7f63e4827000-7f63e8000000 ---p 00000000 00:00 0 
7f63e8000000-7f63e8021000 rw-p 00000000 00:00 0 
7f63e8021000-7f63ec000000 ---p 00000000 00:00 0 
7f63ec000000-7f63ecf9e000 rw-p 00000000 00:00 0 
7f63ecf9e000-7f63f0000000 ---p 00000000 00:00 0 
7f63f0000000-7f63f0021000 rw-p 00000000 00:00 0 
7f63f0021000-7f63f4000000 ---p 00000000 00:00 0 
7f63f4000000-7f63f4021000 rw-p 00000000 00:00 0 
7f63f4021000-7f63f8000000 ---p 00000000 00:00 0 
7f63f8000000-7f63f8021000 rw-p 00000000 00:00 0 
7f63f8021000-7f63fc000000 ---p 00000000 00:00 0 
7f63fc000000-7f63fc029000 rw-p 00000000 00:00 0 
7f63fc029000-7f6400000000 ---p 00000000 00:00 0 
7f6400000000-7f6400021000 rw-p 00000000 00:00 0 
7f6400021000-7f6404000000 ---p 00000000 00:00 0 
7f6404034000-7f6404037000 ---p 00000000 00:00 0 
7f6404037000-7f6404135000 rw-p 00000000 00:00 0                          [stack:6034]
7f6404135000-7f6404138000 ---p 00000000 00:00 0 
7f6404138000-7f6404236000 rw-p 00000000 00:00 0                          [stack:6033]
7f6404236000-7f640423b000 r-xp 00000000 08:09 1975604                    /usr/lib/x86_64-linux-gnu/libXdmcp.so.6.0.0
7f640423b000-7f640443a000 ---p 00005000 08:09 1975604                    /usr/lib/x86_64-linux-gnu/libXdmcp.so.6.0.0
7f640443a000-7f640443b000 r--p 00004000 08:09 1975604                    /usr/lib/x86_64-linux-gnu/libXdmcp.so.6.0.0
7f640443b000-7f640443c000 rw-p 00005000 08:09 1975604                    /usr/lib/x86_64-linux-gnu/libXdmcp.so.6.0.0
7f640443c000-7f640443e000 r-xp 00000000 08:09 1975593                    /usr/lib/x86_64-linux-gnu/libXau.so.6.0.0
7f640443e000-7f640463e000 ---p 00002000 08:09 1975593                    /usr/lib/x86_64-linux-gnu/libXau.so.6.0.0
7f640463e000-7f640463f000 r--p 00002000 08:09 1975593                    /usr/lib/x86_64-linux-gnu/libXau.so.6.0.0
7f640463f000-7f6404640000 rw-p 00003000 08:09 1975593                    /usr/lib/x86_64-linux-gnu/libXau.so.6.0.0
7f6404640000-7f640465d000 r-xp 00000000 08:09 1976663                    /usr/lib/x86_64-linux-gnu/libxcb.so.1.1.0
7f640465d000-7f640485d000 ---p 0001d000 08:09 1976663                    /usr/lib/x86_64-linux-gnu/libxcb.so.1.1.0
7f640485d000-7f640485e000 r--p 0001d000 08:09 1976663                    /usr/lib/x86_64-linux-gnu/libxcb.so.1.1.0
7f640485e000-7f640485f000 rw-p 0001e000 08:09 1976663                    /usr/lib/x86_64-linux-gnu/libxcb.so.1.1.0
7f640485f000-7f640486e000 r-xp 00000000 08:09 1975614                    /usr/lib/x86_64-linux-gnu/libXi.so.6.1.0
7f640486e000-7f6404a6d000 ---p 0000f000 08:09 1975614                    /usr/lib/x86_64-linux-gnu/libXi.so.6.1.0
7f6404a6d000-7f6404a6e000 r--p 0000e000 08:09 1975614                    /usr/lib/x86_64-linux-gnu/libXi.so.6.1.0
7f6404a6e000-7f6404a6f000 rw-p 0000f000 08:09 1975614                    /usr/lib/x86_64-linux-gnu/libXi.so.6.1.0
7f6404a6f000-7f6404a74000 r-xp 00000000 08:09 1975634                    /usr/lib/x86_64-linux-gnu/libXtst.so.6.1.0
7f6404a74000-7f6404c73000 ---p 00005000 08:09 1975634                    /usr/lib/x86_64-linux-gnu/libXtst.so.6.1.0
7f6404c73000-7f6404c74000 r--p 00004000 08:09 1975634                    /usr/lib/x86_64-linux-gnu/libXtst.so.6.1.0
7f6404c74000-7f6404c75000 rw-p 00005000 08:09 1975634                    /usr/lib/x86_64-linux-gnu/libXtst.so.6.1.0
7f6404c75000-7f6404c7e000 r-xp 00000000 08:09 1975628                    /usr/lib/x86_64-linux-gnu/libXrender.so.1.3.0
7f6404c7e000-7f6404e7d000 ---p 00009000 08:09 1975628                    /usr/lib/x86_64-linux-gnu/libXrender.so.1.3.0
7f6404e7d000-7f6404e7e000 r--p 00008000 08:09 1975628                    /usr/lib/x86_64-linux-gnu/libXrender.so.1.3.0
7f6404e7e000-7f6404e7f000 rw-p 00009000 08:09 1975628                    /usr/lib/x86_64-linux-gnu/libXrender.so.1.3.0
7f6404e7f000-7f6404faf000 r-xp 00000000 08:09 1975589                    /usr/lib/x86_64-linux-gnu/libX11.so.6.3.0
7f6404faf000-7f64051af000 ---p 00130000 08:09 1975589                    /usr/lib/x86_64-linux-gnu/libX11.so.6.3.0
7f64051af000-7f64051b0000 r--p 00130000 08:09 1975589                    /usr/lib/x86_64-linux-gnu/libX11.so.6.3.0
7f64051b0000-7f64051b4000 rw-p 00131000 08:09 1975589                    /usr/lib/x86_64-linux-gnu/libX11.so.6.3.0
7f64051b4000-7f64051c5000 r-xp 00000000 08:09 1975606                    /usr/lib/x86_64-linux-gnu/libXext.so.6.4.0
7f64051c5000-7f64053c4000 ---p 00011000 08:09 1975606                    /usr/lib/x86_64-linux-gnu/libXext.so.6.4.0
7f64053c4000-7f64053c5000 r--p 00010000 08:09 1975606                    /usr/lib/x86_64-linux-gnu/libXext.so.6.4.0
7f64053c5000-7f64053c6000 rw-p 00011000 08:09 1975606                    /usr/lib/x86_64-linux-gnu/libXext.so.6.4.0
7f64053c6000-7f640541a000 r-xp 00000000 08:09 2239939                    /usr/lib/jvm/java-8-oracle/jre/lib/amd64/libawt_xawt.so
7f640541a000-7f640561a000 ---p 00054000 08:09 2239939                    /usr/lib/jvm/java-8-oracle/jre/lib/amd64/libawt_xawt.so
7f640561a000-7f640561e000 rw-p 00054000 08:09 2239939                    /usr/lib/jvm/java-8-oracle/jre/lib/amd64/libawt_xawt.so
7f640561e000-7f640561f000 rw-p 00000000 00:00 0 
7f640561f000-7f64056c1000 r-xp 00000000 08:09 2240020                    /usr/lib/jvm/java-8-oracle/jre/lib/amd64/libawt.so
7f64056c1000-7f64058c1000 ---p 000a2000 08:09 2240020                    /usr/lib/jvm/java-8-oracle/jre/lib/amd64/libawt.so
7f64058c1000-7f64058cd000 rw-p 000a2000 08:09 2240020                    /usr/lib/jvm/java-8-oracle/jre/lib/amd64/libawt.so
7f64058cd000-7f64058f1000 rw-p 00000000 00:00 0 
7f64058f1000-7f64058f4000 ---p 00000000 00:00 0 
7f64058f4000-7f64059f2000 rw-p 00000000 00:00 0                          [stack:6031]
7f64059f2000-7f6405a08000 r-xp 00000000 08:09 2239967                    /usr/lib/jvm/java-8-oracle/jre/lib/amd64/libnet.so
7f6405a08000-7f6405c08000 ---p 00016000 08:09 2239967                    /usr/lib/jvm/java-8-oracle/jre/lib/amd64/libnet.so
7f6405c08000-7f6405c09000 rw-p 00016000 08:09 2239967                    /usr/lib/jvm/java-8-oracle/jre/lib/amd64/libnet.so
7f6405c09000-7f6405c0a000 ---p 00000000 00:00 0 
7f6405c0a000-7f6405d0a000 rw-p 00000000 00:00 0                          [stack:6030]
7f6405d0a000-7f6405d0d000 ---p 00000000 00:00 0 
7f6405d0d000-7f6405e0b000 rw-p 00000000 00:00 0                          [stack:6029]
7f6405e0b000-7f6405e0e000 ---p 00000000 00:00 0 
7f6405e0e000-7f6405f0c000 rw-p 00000000 00:00 0                          [stack:6028]
7f6405f0c000-7f6405f0f000 ---p 00000000 00:00 0 
7f6405f0f000-7f640600d000 rw-p 00000000 00:00 0                          [stack:6027]
7f640600d000-7f6406010000 ---p 00000000 00:00 0 
7f6406010000-7f640610e000 rw-p 00000000 00:00 0                          [stack:6026]
7f640610e000-7f6406111000 ---p 00000000 00:00 0 
7f6406111000-7f640620f000 rw-p 00000000 00:00 0                          [stack:6025]
7f640620f000-7f64068f1000 r--p 00000000 08:09 1974284                    /usr/lib/locale/locale-archive
7f64068f1000-7f64068f4000 ---p 00000000 00:00 0 
7f64068f4000-7f64069f2000 rw-p 00000000 00:00 0                          [stack:6024]
7f64069f2000-7f64069f5000 ---p 00000000 00:00 0 
7f64069f5000-7f6406af3000 rw-p 00000000 00:00 0                          [stack:6023]
7f6406af3000-7f6406af4000 ---p 00000000 00:00 0 
7f6406af4000-7f6408000000 rw-p 00000000 00:00 0                          [stack:6022]
7f6408000000-7f6408021000 rw-p 00000000 00:00 0 
7f6408021000-7f640c000000 ---p 00000000 00:00 0 
7f640c037000-7f640c055000 r--s 00000000 08:09 2370012                    /usr/share/mime/mime.cache (deleted)
7f640c055000-7f640c095000 r--p 00000000 08:09 2374194                    /usr/share/glib-2.0/schemas/gschemas.compiled (deleted)
7f640c095000-7f640c0ae000 r--p 00000000 08:09 2627159                    /usr/share/locale-langpack/es/LC_MESSAGES/glib20.mo
7f640c0ae000-7f6410000000 rw-p 00000000 00:00 0 
7f6410000000-7f6410021000 rw-p 00000000 00:00 0 
7f6410021000-7f6414000000 ---p 00000000 00:00 0 
7f6414004000-7f6414009000 r--s 00092000 08:09 2240089                    /usr/lib/jvm/java-8-oracle/jre/lib/jsse.jar
7f6414009000-7f641400c000 r--p 00000000 00:19 6160659                    /home/rodro/.config/dconf/user (deleted)
7f641400c000-7f6414036000 r--p 00000000 08:09 2627203                    /usr/share/locale-langpack/es/LC_MESSAGES/gtk20-properties.mo
7f6414036000-7f6414052000 r--s 00393000 08:09 2239917                    /usr/lib/jvm/java-8-oracle/jre/lib/ext/cldrdata.jar
7f6414052000-7f6414078000 r--p 00000000 08:09 2627260                    /usr/share/locale-langpack/es/LC_MESSAGES/libc.mo
7f6414078000-7f6414179000 rw-p 00000000 00:00 0 
7f6414179000-7f641434f000 r--s 03ca8000 08:09 2239724                    /usr/lib/jvm/java-8-oracle/jre/lib/rt.jar
7f641434f000-7f641479a000 rw-p 00000000 00:00 0 
7f641479a000-7f641479b000 ---p 00000000 00:00 0 
7f641479b000-7f641489b000 rw-p 00000000 00:00 0                          [stack:6021]
7f641489b000-7f641489c000 ---p 00000000 00:00 0 
7f641489c000-7f64149c6000 rw-p 00000000 00:00 0                          [stack:6020]
7f64149c6000-7f6414c2a000 ---p 00000000 00:00 0 
7f6414c2a000-7f6414c54000 rw-p 00000000 00:00 0 
7f6414c54000-7f6414eb8000 ---p 00000000 00:00 0 
7f6414eb8000-7f6414ec5000 rw-p 00000000 00:00 0 
7f6414ec5000-7f6414fff000 ---p 00000000 00:00 0 
7f6414fff000-7f6415000000 rw-p 00000000 00:00 0 
7f6415000000-7f6415860000 rwxp 00000000 00:00 0 
7f6415860000-7f6424000000 ---p 00000000 00:00 0 
7f6424000000-7f6424545000 rw-p 00000000 00:00 0 
7f6424545000-7f6428000000 ---p 00000000 00:00 0 
7f6428001000-7f6428010000 r--p 00000000 08:09 2627204                    /usr/share/locale-langpack/es/LC_MESSAGES/gtk20.mo
7f6428010000-7f642801a000 r--s 00116000 08:09 2239913                    /usr/lib/jvm/java-8-oracle/jre/lib/ext/localedata.jar
7f642801a000-7f642801b000 ---p 00000000 00:00 0 
7f642801b000-7f642811b000 rw-p 00000000 00:00 0                          [stack:6019]
7f642811b000-7f642811c000 ---p 00000000 00:00 0 
7f642811c000-7f642823e000 rw-p 00000000 00:00 0                          [stack:6018]
7f642823e000-7f64285dc000 ---p 00000000 00:00 0 
7f64285dc000-7f64285f6000 r-xp 00000000 08:09 2239975                    /usr/lib/jvm/java-8-oracle/jre/lib/amd64/libzip.so
7f64285f6000-7f64287f6000 ---p 0001a000 08:09 2239975                    /usr/lib/jvm/java-8-oracle/jre/lib/amd64/libzip.so
7f64287f6000-7f64287f7000 rw-p 0001a000 08:09 2239975                    /usr/lib/jvm/java-8-oracle/jre/lib/amd64/libzip.so
7f64287f7000-7f6428802000 r-xp 00000000 08:09 266402                     /lib/x86_64-linux-gnu/libnss_files-2.19.so
7f6428802000-7f6428a01000 ---p 0000b000 08:09 266402                     /lib/x86_64-linux-gnu/libnss_files-2.19.so
7f6428a01000-7f6428a02000 r--p 0000a000 08:09 266402                     /lib/x86_64-linux-gnu/libnss_files-2.19.so
7f6428a02000-7f6428a03000 rw-p 0000b000 08:09 266402                     /lib/x86_64-linux-gnu/libnss_files-2.19.so
7f6428a03000-7f6428a0e000 r-xp 00000000 08:09 266403                     /lib/x86_64-linux-gnu/libnss_nis-2.19.so
7f6428a0e000-7f6428c0d000 ---p 0000b000 08:09 266403                     /lib/x86_64-linux-gnu/libnss_nis-2.19.so
7f6428c0d000-7f6428c0e000 r--p 0000a000 08:09 266403                     /lib/x86_64-linux-gnu/libnss_nis-2.19.so
7f6428c0e000-7f6428c0f000 rw-p 0000b000 08:09 266403                     /lib/x86_64-linux-gnu/libnss_nis-2.19.so
7f6428c0f000-7f6428c26000 r-xp 00000000 08:09 266349                     /lib/x86_64-linux-gnu/libnsl-2.19.so
7f6428c26000-7f6428e25000 ---p 00017000 08:09 266349                     /lib/x86_64-linux-gnu/libnsl-2.19.so
7f6428e25000-7f6428e26000 r--p 00016000 08:09 266349                     /lib/x86_64-linux-gnu/libnsl-2.19.so
7f6428e26000-7f6428e27000 rw-p 00017000 08:09 266349                     /lib/x86_64-linux-gnu/libnsl-2.19.so
7f6428e27000-7f6428e29000 rw-p 00000000 00:00 0 
7f6428e29000-7f6428e32000 r-xp 00000000 08:09 266232                     /lib/x86_64-linux-gnu/libnss_compat-2.19.so
7f6428e32000-7f6429031000 ---p 00009000 08:09 266232                     /lib/x86_64-linux-gnu/libnss_compat-2.19.so
7f6429031000-7f6429032000 r--p 00008000 08:09 266232                     /lib/x86_64-linux-gnu/libnss_compat-2.19.so
7f6429032000-7f6429033000 rw-p 00009000 08:09 266232                     /lib/x86_64-linux-gnu/libnss_compat-2.19.so
7f6429033000-7f642905d000 r-xp 00000000 08:09 2239999                    /usr/lib/jvm/java-8-oracle/jre/lib/amd64/libjava.so
7f642905d000-7f642925d000 ---p 0002a000 08:09 2239999                    /usr/lib/jvm/java-8-oracle/jre/lib/amd64/libjava.so
7f642925d000-7f642925f000 rw-p 0002a000 08:09 2239999                    /usr/lib/jvm/java-8-oracle/jre/lib/amd64/libjava.so
7f642925f000-7f642926c000 r-xp 00000000 08:09 2239963                    /usr/lib/jvm/java-8-oracle/jre/lib/amd64/libverify.so
7f642926c000-7f642946c000 ---p 0000d000 08:09 2239963                    /usr/lib/jvm/java-8-oracle/jre/lib/amd64/libverify.so
7f642946c000-7f642946e000 rw-p 0000d000 08:09 2239963                    /usr/lib/jvm/java-8-oracle/jre/lib/amd64/libverify.so
7f642946e000-7f6429475000 r-xp 00000000 08:09 266351                     /lib/x86_64-linux-gnu/librt-2.19.so
7f6429475000-7f6429674000 ---p 00007000 08:09 266351                     /lib/x86_64-linux-gnu/librt-2.19.so
7f6429674000-7f6429675000 r--p 00006000 08:09 266351                     /lib/x86_64-linux-gnu/librt-2.19.so
7f6429675000-7f6429676000 rw-p 00007000 08:09 266351                     /lib/x86_64-linux-gnu/librt-2.19.so
7f6429676000-7f642977b000 r-xp 00000000 08:09 266364                     /lib/x86_64-linux-gnu/libm-2.19.so
7f642977b000-7f642997a000 ---p 00105000 08:09 266364                     /lib/x86_64-linux-gnu/libm-2.19.so
7f642997a000-7f642997b000 r--p 00104000 08:09 266364                     /lib/x86_64-linux-gnu/libm-2.19.so
7f642997b000-7f642997c000 rw-p 00105000 08:09 266364                     /lib/x86_64-linux-gnu/libm-2.19.so
7f642997c000-7f642a5e6000 r-xp 00000000 08:09 2240010                    /usr/lib/jvm/java-8-oracle/jre/lib/amd64/server/libjvm.so
7f642a5e6000-7f642a7e5000 ---p 00c6a000 08:09 2240010                    /usr/lib/jvm/java-8-oracle/jre/lib/amd64/server/libjvm.so
7f642a7e5000-7f642a8bc000 rw-p 00c69000 08:09 2240010                    /usr/lib/jvm/java-8-oracle/jre/lib/amd64/server/libjvm.so
7f642a8bc000-7f642a8fe000 rw-p 00000000 00:00 0 
7f642a8fe000-7f642aab9000 r-xp 00000000 08:09 266361                     /lib/x86_64-linux-gnu/libc-2.19.so
7f642aab9000-7f642acb9000 ---p 001bb000 08:09 266361                     /lib/x86_64-linux-gnu/libc-2.19.so
7f642acb9000-7f642acbd000 r--p 001bb000 08:09 266361                     /lib/x86_64-linux-gnu/libc-2.19.so
7f642acbd000-7f642acbf000 rw-p 001bf000 08:09 266361                     /lib/x86_64-linux-gnu/libc-2.19.so
7f642acbf000-7f642acc4000 rw-p 00000000 00:00 0 
7f642acc4000-7f642acc7000 r-xp 00000000 08:09 266413                     /lib/x86_64-linux-gnu/libdl-2.19.so
7f642acc7000-7f642aec6000 ---p 00003000 08:09 266413                     /lib/x86_64-linux-gnu/libdl-2.19.so
7f642aec6000-7f642aec7000 r--p 00002000 08:09 266413                     /lib/x86_64-linux-gnu/libdl-2.19.so
7f642aec7000-7f642aec8000 rw-p 00003000 08:09 266413                     /lib/x86_64-linux-gnu/libdl-2.19.so
7f642aec8000-7f642aedd000 r-xp 00000000 08:09 2239971                    /usr/lib/jvm/java-8-oracle/jre/lib/amd64/jli/libjli.so
7f642aedd000-7f642b0dc000 ---p 00015000 08:09 2239971                    /usr/lib/jvm/java-8-oracle/jre/lib/amd64/jli/libjli.so
7f642b0dc000-7f642b0dd000 rw-p 00014000 08:09 2239971                    /usr/lib/jvm/java-8-oracle/jre/lib/amd64/jli/libjli.so
7f642b0dd000-7f642b0f6000 r-xp 00000000 08:09 266414                     /lib/x86_64-linux-gnu/libpthread-2.19.so
7f642b0f6000-7f642b2f5000 ---p 00019000 08:09 266414                     /lib/x86_64-linux-gnu/libpthread-2.19.so
7f642b2f5000-7f642b2f6000 r--p 00018000 08:09 266414                     /lib/x86_64-linux-gnu/libpthread-2.19.so
7f642b2f6000-7f642b2f7000 rw-p 00019000 08:09 266414                     /lib/x86_64-linux-gnu/libpthread-2.19.so
7f642b2f7000-7f642b2fb000 rw-p 00000000 00:00 0 
7f642b2fb000-7f642b31e000 r-xp 00000000 08:09 266362                     /lib/x86_64-linux-gnu/ld-2.19.so
7f642b31f000-7f642b326000 r--s 00000000 08:09 2240309                    /usr/lib/x86_64-linux-gnu/gconv/gconv-modules.cache
7f642b326000-7f642b32b000 r--s 002f8000 08:09 2239720                    /usr/lib/jvm/java-8-oracle/jre/lib/charsets.jar
7f642b32b000-7f642b3fc000 rw-p 00000000 00:00 0 
7f642b3fc000-7f642b3ff000 ---p 00000000 00:00 0 
7f642b3ff000-7f642b501000 rw-p 00000000 00:00 0                          [stack:6017]
7f642b502000-7f642b503000 r--s 00000000 00:16 82113                      /run/user/1000/dconf/user (deleted)
7f642b503000-7f642b511000 r--s 0018e000 00:19 6816406                    /home/rodro/workspace/tecnologo/ProgApp2014/src/h2/bin/h2-1.4.181.jar
7f642b511000-7f642b519000 rw-s 00000000 08:09 2770024                    /tmp/hsperfdata_rodro/6016
7f642b519000-7f642b51a000 rw-p 00000000 00:00 0 
7f642b51a000-7f642b51b000 ---p 00000000 00:00 0 
7f642b51b000-7f642b51d000 rw-p 00000000 00:00 0 
7f642b51d000-7f642b51e000 r--p 00022000 08:09 266362                     /lib/x86_64-linux-gnu/ld-2.19.so
7f642b51e000-7f642b51f000 rw-p 00023000 08:09 266362                     /lib/x86_64-linux-gnu/ld-2.19.so
7f642b51f000-7f642b520000 rw-p 00000000 00:00 0 
7fffd93cf000-7fffd93f0000 rw-p 00000000 00:00 0                          [stack]
7fffd93fe000-7fffd9400000 r-xp 00000000 00:00 0                          [vdso]
ffffffffff600000-ffffffffff601000 r-xp 00000000 00:00 0                  [vsyscall]

VM Arguments:
java_command: h2-1.4.181.jar
java_class_path (initial): h2-1.4.181.jar
Launcher Type: SUN_STANDARD

Environment Variables:
PATH=/usr/local/sbin:/usr/local/bin:/usr/sbin:/usr/bin:/sbin:/bin:/usr/games:/usr/local/games
SHELL=/bin/bash
DISPLAY=:0

Signal Handlers:
SIGSEGV: [libjvm.so+0xa77530], sa_mask[0]=11111111011111111101111111111110, sa_flags=SA_RESTART|SA_SIGINFO
SIGBUS: [libjvm.so+0xa77530], sa_mask[0]=11111111011111111101111111111110, sa_flags=SA_RESTART|SA_SIGINFO
SIGFPE: [libjvm.so+0x8e1d90], sa_mask[0]=11111111011111111101111111111110, sa_flags=SA_RESTART|SA_SIGINFO
SIGPIPE: SIG_IGN, sa_mask[0]=00000000000010000000000000000000, sa_flags=SA_RESTART
SIGXFSZ: [libjvm.so+0x8e1d90], sa_mask[0]=11111111011111111101111111111110, sa_flags=SA_RESTART|SA_SIGINFO
SIGILL: [libjvm.so+0x8e1d90], sa_mask[0]=11111111011111111101111111111110, sa_flags=SA_RESTART|SA_SIGINFO
SIGUSR1: SIG_DFL, sa_mask[0]=00000000000000000000000000000000, sa_flags=none
SIGUSR2: [libjvm.so+0x8e35c0], sa_mask[0]=00000000000000000000000000000000, sa_flags=SA_RESTART|SA_SIGINFO
SIGHUP: [libjvm.so+0x8e4980], sa_mask[0]=11111111011111111101111111111110, sa_flags=SA_RESTART|SA_SIGINFO
SIGINT: [libjvm.so+0x8e4980], sa_mask[0]=11111111011111111101111111111110, sa_flags=SA_RESTART|SA_SIGINFO
SIGTERM: [libjvm.so+0x8e4980], sa_mask[0]=11111111011111111101111111111110, sa_flags=SA_RESTART|SA_SIGINFO
SIGQUIT: [libjvm.so+0x8e4980], sa_mask[0]=11111111011111111101111111111110, sa_flags=SA_RESTART|SA_SIGINFO


---------------  S Y S T E M  ---------------

OS:DISTRIB_ID=Ubuntu
DISTRIB_RELEASE=14.04
DISTRIB_CODENAME=trusty
DISTRIB_DESCRIPTION="Ubuntu 14.04.1 LTS"

uname:Linux 3.13.0-34-generic #60-Ubuntu SMP Wed Aug 13 15:45:27 UTC 2014 x86_64
libc:glibc 2.19 NPTL 2.19 
rlimit: STACK 8192k, CORE 0k, NPROC 62056, NOFILE 4096, AS infinity
load average:0,13 0,22 0,29

/proc/meminfo:
MemTotal:        8028812 kB
MemFree:         1562064 kB
Buffers:          244392 kB
Cached:          4042488 kB
SwapCached:            0 kB
Active:          3380832 kB
Inactive:        2645908 kB
Active(anon):    1744380 kB
Inactive(anon):   177308 kB
Active(file):    1636452 kB
Inactive(file):  2468600 kB
Unevictable:          64 kB
Mlocked:              64 kB
SwapTotal:             0 kB
SwapFree:              0 kB
Dirty:               360 kB
Writeback:             0 kB
AnonPages:       1623940 kB
Mapped:           350936 kB
Shmem:            182216 kB
Slab:             314856 kB
SReclaimable:     250320 kB
SUnreclaim:        64536 kB
KernelStack:        4264 kB
PageTables:        28120 kB
NFS_Unstable:          0 kB
Bounce:                0 kB
WritebackTmp:          0 kB
CommitLimit:     4014404 kB
Committed_AS:    4855704 kB
VmallocTotal:   34359738367 kB
VmallocUsed:      360980 kB
VmallocChunk:   34359305596 kB
HardwareCorrupted:     0 kB
AnonHugePages:    690176 kB
HugePages_Total:       0
HugePages_Free:        0
HugePages_Rsvd:        0
HugePages_Surp:        0
Hugepagesize:       2048 kB
DirectMap4k:      151544 kB
DirectMap2M:     8089600 kB


CPU:total 4 (2 cores per cpu, 2 threads per core) family 6 model 58 stepping 9, cmov, cx8, fxsr, mmx, sse, sse2, sse3, ssse3, sse4.1, sse4.2, popcnt, avx, aes, clmul, erms, ht, tsc, tscinvbit, tscinv

/proc/cpuinfo:
processor	: 0
vendor_id	: GenuineIntel
cpu family	: 6
model		: 58
model name	: Intel(R) Core(TM) i7-3520M CPU @ 2.90GHz
stepping	: 9
microcode	: 0x13
cpu MHz		: 2901.000
cache size	: 4096 KB
physical id	: 0
siblings	: 4
core id		: 0
cpu cores	: 2
apicid		: 0
initial apicid	: 0
fpu		: yes
fpu_exception	: yes
cpuid level	: 13
wp		: yes
flags		: fpu vme de pse tsc msr pae mce cx8 apic sep mtrr pge mca cmov pat pse36 clflush dts acpi mmx fxsr sse sse2 ss ht tm pbe syscall nx rdtscp lm constant_tsc arch_perfmon pebs bts rep_good nopl xtopology nonstop_tsc aperfmperf eagerfpu pni pclmulqdq dtes64 monitor ds_cpl vmx smx est tm2 ssse3 cx16 xtpr pdcm pcid sse4_1 sse4_2 x2apic popcnt tsc_deadline_timer aes xsave avx f16c rdrand lahf_lm ida arat epb xsaveopt pln pts dtherm tpr_shadow vnmi flexpriority ept vpid fsgsbase smep erms
bogomips	: 5786.40
clflush size	: 64
cache_alignment	: 64
address sizes	: 36 bits physical, 48 bits virtual
power management:

processor	: 1
vendor_id	: GenuineIntel
cpu family	: 6
model		: 58
model name	: Intel(R) Core(TM) i7-3520M CPU @ 2.90GHz
stepping	: 9
microcode	: 0x13
cpu MHz		: 2901.000
cache size	: 4096 KB
physical id	: 0
siblings	: 4
core id		: 0
cpu cores	: 2
apicid		: 1
initial apicid	: 1
fpu		: yes
fpu_exception	: yes
cpuid level	: 13
wp		: yes
flags		: fpu vme de pse tsc msr pae mce cx8 apic sep mtrr pge mca cmov pat pse36 clflush dts acpi mmx fxsr sse sse2 ss ht tm pbe syscall nx rdtscp lm constant_tsc arch_perfmon pebs bts rep_good nopl xtopology nonstop_tsc aperfmperf eagerfpu pni pclmulqdq dtes64 monitor ds_cpl vmx smx est tm2 ssse3 cx16 xtpr pdcm pcid sse4_1 sse4_2 x2apic popcnt tsc_deadline_timer aes xsave avx f16c rdrand lahf_lm ida arat epb xsaveopt pln pts dtherm tpr_shadow vnmi flexpriority ept vpid fsgsbase smep erms
bogomips	: 5786.40
clflush size	: 64
cache_alignment	: 64
address sizes	: 36 bits physical, 48 bits virtual
power management:

processor	: 2
vendor_id	: GenuineIntel
cpu family	: 6
model		: 58
model name	: Intel(R) Core(TM) i7-3520M CPU @ 2.90GHz
stepping	: 9
microcode	: 0x13
cpu MHz		: 2901.000
cache size	: 4096 KB
physical id	: 0
siblings	: 4
core id		: 1
cpu cores	: 2
apicid		: 2
initial apicid	: 2
fpu		: yes
fpu_exception	: yes
cpuid level	: 13
wp		: yes
flags		: fpu vme de pse tsc msr pae mce cx8 apic sep mtrr pge mca cmov pat pse36 clflush dts acpi mmx fxsr sse sse2 ss ht tm pbe syscall nx rdtscp lm constant_tsc arch_perfmon pebs bts rep_good nopl xtopology nonstop_tsc aperfmperf eagerfpu pni pclmulqdq dtes64 monitor ds_cpl vmx smx est tm2 ssse3 cx16 xtpr pdcm pcid sse4_1 sse4_2 x2apic popcnt tsc_deadline_timer aes xsave avx f16c rdrand lahf_lm ida arat epb xsaveopt pln pts dtherm tpr_shadow vnmi flexpriority ept vpid fsgsbase smep erms
bogomips	: 5786.40
clflush size	: 64
cache_alignment	: 64
address sizes	: 36 bits physical, 48 bits virtual
power management:

processor	: 3
vendor_id	: GenuineIntel
cpu family	: 6
model		: 58
model name	: Intel(R) Core(TM) i7-3520M CPU @ 2.90GHz
stepping	: 9
microcode	: 0x13
cpu MHz		: 2901.000
cache size	: 4096 KB
physical id	: 0
siblings	: 4
core id		: 1
cpu cores	: 2
apicid		: 3
initial apicid	: 3
fpu		: yes
fpu_exception	: yes
cpuid level	: 13
wp		: yes
flags		: fpu vme de pse tsc msr pae mce cx8 apic sep mtrr pge mca cmov pat pse36 clflush dts acpi mmx fxsr sse sse2 ss ht tm pbe syscall nx rdtscp lm constant_tsc arch_perfmon pebs bts rep_good nopl xtopology nonstop_tsc aperfmperf eagerfpu pni pclmulqdq dtes64 monitor ds_cpl vmx smx est tm2 ssse3 cx16 xtpr pdcm pcid sse4_1 sse4_2 x2apic popcnt tsc_deadline_timer aes xsave avx f16c rdrand lahf_lm ida arat epb xsaveopt pln pts dtherm tpr_shadow vnmi flexpriority ept vpid fsgsbase smep erms
bogomips	: 5786.40
clflush size	: 64
cache_alignment	: 64
address sizes	: 36 bits physical, 48 bits virtual
power management:



Memory: 4k page, physical 8028812k(2436604k free), swap 0k(0k free)

vm_info: Java HotSpot(TM) 64-Bit Server VM (25.20-b23) for linux-amd64 JRE (1.8.0_20-b26), built on Jul 30 2014 13:13:52 by "java_re" with gcc 4.3.0 20080428 (Red Hat 4.3.0-8)

time: Thu Sep 11 22:11:42 2014
elapsed time: 30648 seconds (0d 8h 30m 48s)

